{"level":"info","message":{"duration":"166ms","method":"GET","status":304,"url":"/me"},"timestamp":"2024-11-26T18:30:10.825Z"}
{"level":"info","message":{"duration":"157ms","method":"GET","status":304,"url":"/me"},"timestamp":"2024-11-26T18:30:11.069Z"}
{"level":"info","message":{"duration":"144ms","method":"GET","status":304,"url":"/67460e68d5e5429d2eb1da13/training"},"timestamp":"2024-11-26T18:30:11.633Z"}
{"level":"info","message":{"duration":"149ms","method":"GET","status":304,"url":"/67460e68d5e5429d2eb1da13/training"},"timestamp":"2024-11-26T18:30:11.786Z"}
{"level":"info","message":{"duration":"159ms","method":"GET","status":304,"url":"/67460e68d5e5429d2eb1da13"},"timestamp":"2024-11-26T18:30:25.536Z"}
{"level":"info","message":{"duration":"147ms","method":"GET","status":304,"url":"/67460e68d5e5429d2eb1da13"},"timestamp":"2024-11-26T18:30:25.687Z"}
{"error":"Cannot find package 'pdfjs-dist' imported from D:\\Office\\Project\\AI-Saas\\liqorice\\backend\\services\\documentService.js","filename":"Las_Vegas_Pool_Services.pdf","level":"error","message":"Error processing document:","timestamp":"2024-11-26T18:30:40.650Z"}
{"level":"info","message":{"duration":"518ms","method":"POST","status":200,"url":"/67460e68d5e5429d2eb1da13/train/documents"},"timestamp":"2024-11-26T18:30:40.882Z"}
{"level":"info","message":{"duration":"143ms","method":"GET","status":200,"url":"/67460e68d5e5429d2eb1da13"},"timestamp":"2024-11-26T18:30:44.657Z"}
{"level":"info","message":{"duration":"142ms","method":"GET","status":304,"url":"/67460e68d5e5429d2eb1da13"},"timestamp":"2024-11-26T18:30:44.806Z"}
{"level":"info","message":{"duration":"238ms","method":"PATCH","status":200,"url":"/67460e68d5e5429d2eb1da13/settings"},"timestamp":"2024-11-26T18:31:47.998Z"}
{"level":"info","message":{"duration":"147ms","method":"GET","status":200,"url":"/67460e68d5e5429d2eb1da13"},"timestamp":"2024-11-26T18:31:53.774Z"}
{"level":"info","message":{"duration":"143ms","method":"GET","status":304,"url":"/67460e68d5e5429d2eb1da13"},"timestamp":"2024-11-26T18:31:53.924Z"}
{"level":"info","message":{"duration":"150ms","method":"GET","status":304,"url":"/me"},"timestamp":"2024-11-26T18:32:12.028Z"}
{"level":"info","message":{"duration":"156ms","method":"GET","status":304,"url":"/me"},"timestamp":"2024-11-26T18:32:12.189Z"}
{"level":"info","message":{"duration":"6794ms","method":"POST","status":200,"url":"/67460e68d5e5429d2eb1da13"},"timestamp":"2024-11-26T18:32:22.794Z"}
{"level":"info","message":{"duration":"3535ms","method":"POST","status":200,"url":"/67460e68d5e5429d2eb1da13"},"timestamp":"2024-11-26T18:32:32.429Z"}
{"level":"info","message":{"duration":"4834ms","method":"POST","status":200,"url":"/67460e68d5e5429d2eb1da13"},"timestamp":"2024-11-26T18:32:56.419Z"}
{"level":"info","message":{"duration":"3550ms","method":"POST","status":200,"url":"/67460e68d5e5429d2eb1da13"},"timestamp":"2024-11-26T18:35:05.347Z"}
{"level":"info","message":{"duration":"5222ms","method":"POST","status":200,"url":"/67460e68d5e5429d2eb1da13"},"timestamp":"2024-11-26T18:35:15.703Z"}
{"level":"info","message":{"duration":"207ms","method":"GET","status":304,"url":"/me"},"timestamp":"2024-11-26T18:43:01.880Z"}
{"level":"info","message":{"duration":"147ms","method":"GET","status":304,"url":"/me"},"timestamp":"2024-11-26T18:43:02.041Z"}
{"level":"info","message":{"duration":"170ms","method":"GET","status":304,"url":"/67460e68d5e5429d2eb1da13"},"timestamp":"2024-11-26T18:43:02.117Z"}
{"level":"info","message":{"duration":"157ms","method":"GET","status":304,"url":"/67460e68d5e5429d2eb1da13"},"timestamp":"2024-11-26T18:43:02.283Z"}
{"level":"info","message":{"duration":"148ms","method":"GET","status":304,"url":"/67460e68d5e5429d2eb1da13"},"timestamp":"2024-11-26T18:43:05.041Z"}
{"level":"info","message":{"duration":"142ms","method":"GET","status":304,"url":"/67460e68d5e5429d2eb1da13"},"timestamp":"2024-11-26T18:43:05.186Z"}
{"level":"info","message":{"duration":"159ms","method":"GET","status":200,"url":"/67460e68d5e5429d2eb1da13/training"},"timestamp":"2024-11-26T18:43:08.253Z"}
{"level":"info","message":{"duration":"136ms","method":"GET","status":304,"url":"/67460e68d5e5429d2eb1da13/training"},"timestamp":"2024-11-26T18:43:08.394Z"}
{"level":"info","message":{"duration":"156ms","method":"GET","status":304,"url":"/67460e68d5e5429d2eb1da13"},"timestamp":"2024-11-26T18:43:10.396Z"}
{"level":"info","message":{"duration":"132ms","method":"GET","status":304,"url":"/67460e68d5e5429d2eb1da13"},"timestamp":"2024-11-26T18:43:10.533Z"}
{"level":"info","message":{"duration":"131ms","method":"GET","status":200,"url":"/67460e68d5e5429d2eb1da13/training/documents"},"timestamp":"2024-11-26T18:43:20.034Z"}
{"level":"info","message":{"duration":"139ms","method":"GET","status":304,"url":"/67460e68d5e5429d2eb1da13/training/documents"},"timestamp":"2024-11-26T18:43:20.178Z"}
{"level":"info","message":{"duration":"250ms","method":"DELETE","status":200,"url":"/67460e68d5e5429d2eb1da13/train/documents/674613d0e8c57d991dbed923"},"timestamp":"2024-11-26T18:43:23.983Z"}
{"level":"info","message":{"duration":"138ms","method":"GET","status":200,"url":"/"},"timestamp":"2024-11-26T18:43:26.607Z"}
{"level":"info","message":{"duration":"137ms","method":"GET","status":304,"url":"/"},"timestamp":"2024-11-26T18:43:26.748Z"}
{"level":"info","message":{"duration":"132ms","method":"GET","status":200,"url":"/67460e68d5e5429d2eb1da13"},"timestamp":"2024-11-26T18:43:29.245Z"}
{"level":"info","message":{"duration":"134ms","method":"GET","status":304,"url":"/67460e68d5e5429d2eb1da13"},"timestamp":"2024-11-26T18:43:29.383Z"}
{"level":"info","message":{"duration":"173ms","method":"GET","status":200,"url":"/67460e68d5e5429d2eb1da13/training"},"timestamp":"2024-11-26T18:43:34.237Z"}
{"level":"info","message":{"duration":"253ms","method":"GET","status":304,"url":"/67460e68d5e5429d2eb1da13/training"},"timestamp":"2024-11-26T18:43:34.493Z"}
{"level":"info","message":{"duration":"162ms","method":"GET","status":304,"url":"/67460e68d5e5429d2eb1da13"},"timestamp":"2024-11-26T18:43:37.438Z"}
{"level":"info","message":{"duration":"130ms","method":"GET","status":304,"url":"/67460e68d5e5429d2eb1da13"},"timestamp":"2024-11-26T18:43:37.571Z"}
{"error":"Cannot find package 'pdfjs-dist' imported from D:\\Office\\Project\\AI-Saas\\liqorice\\backend\\services\\documentService.js","filename":"Las_Vegas_Pool_Services.pdf","level":"error","message":"Error processing document:","timestamp":"2024-11-26T18:43:47.514Z"}
{"level":"info","message":{"duration":"251ms","method":"POST","status":200,"url":"/67460e68d5e5429d2eb1da13/train/documents"},"timestamp":"2024-11-26T18:43:47.603Z"}
{"level":"info","message":{"duration":"396ms","method":"GET","status":200,"url":"/me"},"timestamp":"2024-11-26T18:53:09.447Z"}
{"level":"info","message":{"duration":"221ms","method":"GET","status":200,"url":"/me"},"timestamp":"2024-11-26T18:53:09.473Z"}
{"level":"info","message":{"duration":"183ms","method":"GET","status":200,"url":"/67460e68d5e5429d2eb1da13/training"},"timestamp":"2024-11-26T18:53:10.220Z"}
{"level":"info","message":{"duration":"158ms","method":"GET","status":304,"url":"/67460e68d5e5429d2eb1da13/training"},"timestamp":"2024-11-26T18:53:10.387Z"}
{"level":"info","message":{"duration":"157ms","method":"GET","status":200,"url":"/67460e68d5e5429d2eb1da13"},"timestamp":"2024-11-26T18:54:08.149Z"}
{"level":"info","message":{"duration":"157ms","method":"GET","status":304,"url":"/67460e68d5e5429d2eb1da13"},"timestamp":"2024-11-26T18:54:08.314Z"}
{"level":"info","message":"Loaded document Las_Vegas_Pool_Services.pdf with 103 pages/sections","timestamp":"2024-11-26T18:54:18.954Z"}
{"level":"info","message":"Split into 104 chunks","timestamp":"2024-11-26T18:54:18.971Z"}
{"error":"pinecone.init is not a function","filename":"Las_Vegas_Pool_Services.pdf","level":"error","message":"Error processing document:","timestamp":"2024-11-26T18:54:18.974Z"}
{"level":"info","message":{"duration":"1363ms","method":"POST","status":200,"url":"/67460e68d5e5429d2eb1da13/train/documents"},"timestamp":"2024-11-26T18:54:19.127Z"}
{"level":"info","message":{"duration":"213ms","method":"GET","status":200,"url":"/me"},"timestamp":"2024-11-26T18:57:51.492Z"}
{"level":"info","message":{"duration":"179ms","method":"GET","status":200,"url":"/me"},"timestamp":"2024-11-26T18:57:51.508Z"}
{"level":"info","message":{"duration":"337ms","method":"GET","status":200,"url":"/67460e68d5e5429d2eb1da13/training"},"timestamp":"2024-11-26T18:57:52.735Z"}
{"level":"info","message":{"duration":"320ms","method":"GET","status":304,"url":"/67460e68d5e5429d2eb1da13/training"},"timestamp":"2024-11-26T18:57:53.223Z"}
{"level":"info","message":{"duration":"178ms","method":"GET","status":200,"url":"/67460e68d5e5429d2eb1da13"},"timestamp":"2024-11-26T18:57:56.096Z"}
{"level":"info","message":{"duration":"159ms","method":"GET","status":304,"url":"/67460e68d5e5429d2eb1da13"},"timestamp":"2024-11-26T18:57:56.259Z"}
{"level":"info","message":"Loaded document Las_Vegas_Pool_Services.pdf with 103 pages/sections","timestamp":"2024-11-26T18:58:09.308Z"}
{"level":"info","message":"Split into 104 chunks","timestamp":"2024-11-26T18:58:09.322Z"}
{"error":"Object contained invalid properties: environment. Valid properties include apiKey, controllerHostUrl, fetchApi, additionalHeaders, sourceTag.","filename":"Las_Vegas_Pool_Services.pdf","level":"error","message":"Error processing document:","timestamp":"2024-11-26T18:58:09.326Z"}
{"level":"info","message":{"duration":"1337ms","method":"POST","status":200,"url":"/67460e68d5e5429d2eb1da13/train/documents"},"timestamp":"2024-11-26T18:58:09.494Z"}
{"level":"info","message":{"duration":"630ms","method":"GET","status":304,"url":"/me"},"timestamp":"2024-11-26T19:03:32.238Z"}
{"level":"info","message":{"duration":"306ms","method":"GET","status":304,"url":"/me"},"timestamp":"2024-11-26T19:03:32.632Z"}
{"level":"info","message":{"duration":"211ms","method":"GET","status":200,"url":"/67460e68d5e5429d2eb1da13/training"},"timestamp":"2024-11-26T19:03:33.459Z"}
{"level":"info","message":{"duration":"230ms","method":"GET","status":304,"url":"/67460e68d5e5429d2eb1da13/training"},"timestamp":"2024-11-26T19:03:33.718Z"}
{"level":"info","message":{"duration":"160ms","method":"GET","status":200,"url":"/67460e68d5e5429d2eb1da13"},"timestamp":"2024-11-26T19:04:23.798Z"}
{"level":"info","message":{"duration":"185ms","method":"GET","status":304,"url":"/67460e68d5e5429d2eb1da13"},"timestamp":"2024-11-26T19:04:23.989Z"}
{"level":"info","message":"Loaded document Las_Vegas_Pool_Services.pdf with 103 pages/sections","timestamp":"2024-11-26T19:04:38.402Z"}
{"level":"info","message":"Split into 104 chunks","timestamp":"2024-11-26T19:04:38.416Z"}
{"error":"Object contained invalid properties: serverUrl. Valid properties include apiKey, controllerHostUrl, fetchApi, additionalHeaders, sourceTag.","filename":"Las_Vegas_Pool_Services.pdf","level":"error","message":"Error processing document:","timestamp":"2024-11-26T19:04:38.419Z"}
{"level":"info","message":{"duration":"1245ms","method":"POST","status":200,"url":"/67460e68d5e5429d2eb1da13/train/documents"},"timestamp":"2024-11-26T19:04:38.570Z"}
{"level":"info","message":"Loaded document Las_Vegas_Pool_Services.pdf with 103 pages/sections","timestamp":"2024-11-26T19:06:55.490Z"}
{"level":"info","message":"Split into 104 chunks","timestamp":"2024-11-26T19:06:55.507Z"}
{"error":"A call to https://mpool-njtps4b.svc.aped-4627-b74a.pinecone.io/indexes/mpool returned HTTP status 404.","filename":"Las_Vegas_Pool_Services.pdf","level":"error","message":"Error processing document:","timestamp":"2024-11-26T19:08:26.095Z"}
{"level":"info","message":{"duration":"91865ms","method":"POST","status":200,"url":"/67460e68d5e5429d2eb1da13/train/documents"},"timestamp":"2024-11-26T19:08:26.246Z"}
{"level":"info","message":{"duration":"229ms","method":"GET","status":304,"url":"/me"},"timestamp":"2024-11-26T19:20:22.734Z"}
{"level":"info","message":{"duration":"170ms","method":"GET","status":304,"url":"/me"},"timestamp":"2024-11-26T19:20:22.921Z"}
{"level":"info","message":{"duration":"176ms","method":"GET","status":200,"url":"/67460e68d5e5429d2eb1da13/training"},"timestamp":"2024-11-26T19:20:23.705Z"}
{"level":"info","message":{"duration":"154ms","method":"GET","status":304,"url":"/67460e68d5e5429d2eb1da13/training"},"timestamp":"2024-11-26T19:20:23.873Z"}
{"level":"info","message":{"duration":"173ms","method":"GET","status":200,"url":"/67460e68d5e5429d2eb1da13"},"timestamp":"2024-11-26T19:20:36.069Z"}
{"level":"info","message":{"duration":"164ms","method":"GET","status":304,"url":"/67460e68d5e5429d2eb1da13"},"timestamp":"2024-11-26T19:20:36.245Z"}
{"level":"info","message":"Loaded document Las_Vegas_Pool_Services.pdf with 103 pages/sections","timestamp":"2024-11-26T19:20:44.583Z"}
{"level":"info","message":"Split into 104 chunks","timestamp":"2024-11-26T19:20:44.594Z"}
{"error":"A call to https://mpool-njtps4b.svc.aped-4627-b74a.pinecone.io/indexes/mpool returned HTTP status 404.","filename":"Las_Vegas_Pool_Services.pdf","level":"error","message":"Error processing document:","timestamp":"2024-11-26T19:22:36.378Z"}
{"level":"info","message":{"duration":"112977ms","method":"POST","status":200,"url":"/67460e68d5e5429d2eb1da13/train/documents"},"timestamp":"2024-11-26T19:22:36.543Z"}
{"level":"info","message":{"duration":"298ms","method":"GET","status":304,"url":"/me"},"timestamp":"2024-11-26T19:38:09.862Z"}
{"level":"info","message":{"duration":"199ms","method":"GET","status":304,"url":"/me"},"timestamp":"2024-11-26T19:38:10.082Z"}
{"level":"info","message":{"duration":"196ms","method":"GET","status":200,"url":"/67460e68d5e5429d2eb1da13/training"},"timestamp":"2024-11-26T19:38:10.739Z"}
{"level":"info","message":{"duration":"210ms","method":"GET","status":304,"url":"/67460e68d5e5429d2eb1da13/training"},"timestamp":"2024-11-26T19:38:10.960Z"}
{"level":"info","message":{"duration":"165ms","method":"GET","status":304,"url":"/me"},"timestamp":"2024-11-26T19:38:27.536Z"}
{"level":"info","message":{"duration":"164ms","method":"GET","status":304,"url":"/me"},"timestamp":"2024-11-26T19:38:27.705Z"}
{"level":"info","message":{"duration":"159ms","method":"GET","status":304,"url":"/67460e68d5e5429d2eb1da13/training"},"timestamp":"2024-11-26T19:38:28.372Z"}
{"level":"info","message":{"duration":"170ms","method":"GET","status":304,"url":"/67460e68d5e5429d2eb1da13/training"},"timestamp":"2024-11-26T19:38:28.547Z"}
{"level":"info","message":{"duration":"166ms","method":"GET","status":200,"url":"/67460e68d5e5429d2eb1da13"},"timestamp":"2024-11-26T19:39:04.652Z"}
{"level":"info","message":{"duration":"154ms","method":"GET","status":304,"url":"/67460e68d5e5429d2eb1da13"},"timestamp":"2024-11-26T19:39:04.814Z"}
{"level":"info","message":"Loaded document Las_Vegas_Pool_Services.pdf with 103 pages/sections","timestamp":"2024-11-26T19:39:15.279Z"}
{"level":"info","message":"Split into 104 chunks","timestamp":"2024-11-26T19:39:15.290Z"}
{"level":"info","message":"Successfully stored 104 vectors for document Las_Vegas_Pool_Services.pdf","timestamp":"2024-11-26T19:39:34.237Z"}
{"level":"info","message":{"duration":"20342ms","method":"POST","status":200,"url":"/67460e68d5e5429d2eb1da13/train/documents"},"timestamp":"2024-11-26T19:39:34.408Z"}
{"level":"info","message":{"duration":"179ms","method":"GET","status":200,"url":"/67460e68d5e5429d2eb1da13"},"timestamp":"2024-11-26T19:41:08.520Z"}
{"level":"info","message":{"duration":"158ms","method":"GET","status":304,"url":"/67460e68d5e5429d2eb1da13"},"timestamp":"2024-11-26T19:41:08.686Z"}
{"level":"info","message":{"duration":"249ms","method":"PATCH","status":200,"url":"/67460e68d5e5429d2eb1da13/settings"},"timestamp":"2024-11-26T19:41:46.170Z"}
{"level":"info","message":{"duration":"152ms","method":"GET","status":200,"url":"/67460e68d5e5429d2eb1da13"},"timestamp":"2024-11-26T19:41:49.926Z"}
{"level":"info","message":{"duration":"155ms","method":"GET","status":304,"url":"/67460e68d5e5429d2eb1da13"},"timestamp":"2024-11-26T19:41:50.089Z"}
{"level":"info","message":{"duration":"147ms","method":"GET","status":304,"url":"/me"},"timestamp":"2024-11-26T19:42:13.910Z"}
{"level":"info","message":{"duration":"153ms","method":"GET","status":304,"url":"/me"},"timestamp":"2024-11-26T19:42:14.069Z"}
{"level":"info","message":{"duration":"5286ms","method":"POST","status":200,"url":"/67460e68d5e5429d2eb1da13"},"timestamp":"2024-11-26T19:42:22.352Z"}
{"level":"info","message":{"duration":"4227ms","method":"POST","status":200,"url":"/67460e68d5e5429d2eb1da13"},"timestamp":"2024-11-26T19:42:32.351Z"}
{"level":"info","message":{"duration":"4403ms","method":"POST","status":200,"url":"/67460e68d5e5429d2eb1da13"},"timestamp":"2024-11-26T19:42:49.557Z"}
{"level":"info","message":{"duration":"4350ms","method":"POST","status":200,"url":"/67460e68d5e5429d2eb1da13"},"timestamp":"2024-11-26T19:44:46.306Z"}
{"level":"info","message":{"duration":"6486ms","method":"POST","status":200,"url":"/67460e68d5e5429d2eb1da13"},"timestamp":"2024-11-26T19:44:57.965Z"}
{"level":"info","message":{"duration":"197ms","method":"GET","status":200,"url":"/"},"timestamp":"2024-11-26T19:45:10.542Z"}
{"level":"info","message":{"duration":"158ms","method":"GET","status":304,"url":"/"},"timestamp":"2024-11-26T19:45:10.737Z"}
{"level":"info","message":{"duration":"149ms","method":"GET","status":304,"url":"/me"},"timestamp":"2024-11-26T19:45:44.804Z"}
{"level":"info","message":{"duration":"171ms","method":"GET","status":304,"url":"/me"},"timestamp":"2024-11-26T19:45:44.983Z"}
{"level":"info","message":{"duration":"168ms","method":"GET","status":200,"url":"/me"},"timestamp":"2024-11-26T19:45:45.127Z"}
{"level":"info","message":{"duration":"155ms","method":"GET","status":304,"url":"/me"},"timestamp":"2024-11-26T19:45:45.285Z"}
{"level":"info","message":{"duration":"462ms","method":"GET","status":304,"url":"/"},"timestamp":"2024-11-26T19:47:25.163Z"}
{"level":"info","message":{"duration":"307ms","method":"GET","status":304,"url":"/"},"timestamp":"2024-11-26T19:47:25.495Z"}
{"level":"info","message":{"duration":"222ms","method":"GET","status":304,"url":"/me"},"timestamp":"2024-11-27T04:03:52.704Z"}
{"level":"info","message":{"duration":"149ms","method":"GET","status":304,"url":"/me"},"timestamp":"2024-11-27T04:03:52.866Z"}
{"level":"info","message":{"duration":"323ms","method":"POST","status":200,"url":"/login"},"timestamp":"2024-11-27T04:04:54.756Z"}
{"level":"info","message":{"duration":"158ms","method":"GET","status":304,"url":"/"},"timestamp":"2024-11-27T04:04:55.087Z"}
{"level":"info","message":{"duration":"149ms","method":"GET","status":304,"url":"/"},"timestamp":"2024-11-27T04:04:55.239Z"}
{"level":"info","message":{"duration":"145ms","method":"GET","status":304,"url":"/67460e68d5e5429d2eb1da13"},"timestamp":"2024-11-27T04:05:08.414Z"}
{"level":"info","message":{"duration":"147ms","method":"GET","status":304,"url":"/67460e68d5e5429d2eb1da13"},"timestamp":"2024-11-27T04:05:08.563Z"}
{"level":"info","message":{"duration":"150ms","method":"GET","status":200,"url":"/67460e68d5e5429d2eb1da13/training"},"timestamp":"2024-11-27T04:05:22.230Z"}
{"level":"info","message":{"duration":"142ms","method":"GET","status":304,"url":"/67460e68d5e5429d2eb1da13/training"},"timestamp":"2024-11-27T04:05:22.377Z"}
{"level":"info","message":{"duration":"143ms","method":"GET","status":304,"url":"/67460e68d5e5429d2eb1da13"},"timestamp":"2024-11-27T04:05:33.982Z"}
{"level":"info","message":{"duration":"145ms","method":"GET","status":304,"url":"/67460e68d5e5429d2eb1da13"},"timestamp":"2024-11-27T04:05:34.132Z"}
{"level":"info","message":{"duration":"150ms","method":"GET","status":304,"url":"/67460e68d5e5429d2eb1da13"},"timestamp":"2024-11-27T04:05:37.178Z"}
{"level":"info","message":{"duration":"139ms","method":"GET","status":304,"url":"/67460e68d5e5429d2eb1da13"},"timestamp":"2024-11-27T04:05:37.329Z"}
{"level":"info","message":{"duration":"142ms","method":"GET","status":200,"url":"/67460e68d5e5429d2eb1da13/training/documents"},"timestamp":"2024-11-27T04:05:45.334Z"}
{"level":"info","message":{"duration":"146ms","method":"GET","status":304,"url":"/67460e68d5e5429d2eb1da13/training/documents"},"timestamp":"2024-11-27T04:05:45.484Z"}
{"level":"info","message":{"duration":"138ms","method":"GET","status":304,"url":"/67460e68d5e5429d2eb1da13/training"},"timestamp":"2024-11-27T04:05:55.828Z"}
{"level":"info","message":{"duration":"140ms","method":"GET","status":304,"url":"/67460e68d5e5429d2eb1da13/training"},"timestamp":"2024-11-27T04:05:55.971Z"}
{"level":"info","message":{"duration":"306ms","method":"GET","status":304,"url":"/me"},"timestamp":"2024-11-27T04:19:37.985Z"}
{"level":"info","message":{"duration":"168ms","method":"GET","status":304,"url":"/me"},"timestamp":"2024-11-27T04:19:38.175Z"}
{"level":"info","message":{"duration":"160ms","method":"GET","status":304,"url":"/67460e68d5e5429d2eb1da13/training"},"timestamp":"2024-11-27T04:19:38.316Z"}
{"level":"info","message":{"duration":"137ms","method":"GET","status":304,"url":"/67460e68d5e5429d2eb1da13/training"},"timestamp":"2024-11-27T04:19:38.461Z"}
{"level":"info","message":{"duration":"147ms","method":"GET","status":304,"url":"/67460e68d5e5429d2eb1da13"},"timestamp":"2024-11-27T04:19:46.552Z"}
{"level":"info","message":{"duration":"138ms","method":"GET","status":304,"url":"/67460e68d5e5429d2eb1da13"},"timestamp":"2024-11-27T04:19:46.702Z"}
{"level":"info","message":{"duration":"131ms","method":"GET","status":304,"url":"/67460e68d5e5429d2eb1da13/training"},"timestamp":"2024-11-27T04:19:49.760Z"}
{"level":"info","message":{"duration":"129ms","method":"GET","status":304,"url":"/67460e68d5e5429d2eb1da13/training"},"timestamp":"2024-11-27T04:19:49.897Z"}
{"level":"info","message":{"duration":"139ms","method":"GET","status":304,"url":"/67460e68d5e5429d2eb1da13"},"timestamp":"2024-11-27T04:19:54.950Z"}
{"level":"info","message":{"duration":"135ms","method":"GET","status":304,"url":"/67460e68d5e5429d2eb1da13"},"timestamp":"2024-11-27T04:19:55.090Z"}
{"level":"info","message":{"duration":"147ms","method":"GET","status":304,"url":"/67460e68d5e5429d2eb1da13"},"timestamp":"2024-11-27T04:19:57.796Z"}
{"level":"info","message":{"duration":"129ms","method":"GET","status":304,"url":"/67460e68d5e5429d2eb1da13"},"timestamp":"2024-11-27T04:19:57.929Z"}
{"level":"info","message":{"duration":"142ms","method":"GET","status":304,"url":"/67460e68d5e5429d2eb1da13"},"timestamp":"2024-11-27T04:20:44.948Z"}
{"level":"info","message":{"duration":"130ms","method":"GET","status":304,"url":"/67460e68d5e5429d2eb1da13"},"timestamp":"2024-11-27T04:20:45.083Z"}
{"level":"info","message":{"duration":"229ms","method":"GET","status":304,"url":"/67460e68d5e5429d2eb1da13"},"timestamp":"2024-11-27T04:36:34.787Z"}
{"level":"info","message":{"duration":"165ms","method":"GET","status":304,"url":"/67460e68d5e5429d2eb1da13"},"timestamp":"2024-11-27T04:36:34.964Z"}
{"level":"info","message":{"duration":"162ms","method":"GET","status":304,"url":"/67460e68d5e5429d2eb1da13"},"timestamp":"2024-11-27T04:36:55.521Z"}
{"level":"info","message":{"duration":"162ms","method":"GET","status":304,"url":"/67460e68d5e5429d2eb1da13"},"timestamp":"2024-11-27T04:36:55.688Z"}
{"level":"info","message":{"duration":"177ms","method":"GET","status":304,"url":"/me"},"timestamp":"2024-11-27T04:36:58.610Z"}
{"level":"info","message":{"duration":"215ms","method":"GET","status":304,"url":"/me"},"timestamp":"2024-11-27T04:36:58.833Z"}
{"level":"info","message":{"duration":"213ms","method":"GET","status":304,"url":"/67460e68d5e5429d2eb1da13"},"timestamp":"2024-11-27T04:36:58.896Z"}
{"level":"info","message":{"duration":"165ms","method":"GET","status":304,"url":"/67460e68d5e5429d2eb1da13"},"timestamp":"2024-11-27T04:36:59.071Z"}
{"level":"info","message":{"duration":"170ms","method":"GET","status":304,"url":"/67460e68d5e5429d2eb1da13/training"},"timestamp":"2024-11-27T04:37:03.925Z"}
{"level":"info","message":{"duration":"160ms","method":"GET","status":304,"url":"/67460e68d5e5429d2eb1da13/training"},"timestamp":"2024-11-27T04:37:04.091Z"}
{"level":"info","message":{"duration":"162ms","method":"GET","status":304,"url":"/67460e68d5e5429d2eb1da13"},"timestamp":"2024-11-27T04:37:05.787Z"}
{"level":"info","message":{"duration":"155ms","method":"GET","status":304,"url":"/67460e68d5e5429d2eb1da13"},"timestamp":"2024-11-27T04:37:05.945Z"}
{"level":"info","message":{"duration":"151ms","method":"GET","status":304,"url":"/67460e68d5e5429d2eb1da13"},"timestamp":"2024-11-27T04:37:07.872Z"}
{"level":"info","message":{"duration":"158ms","method":"GET","status":304,"url":"/67460e68d5e5429d2eb1da13"},"timestamp":"2024-11-27T04:37:08.035Z"}
{"level":"info","message":{"duration":"154ms","method":"GET","status":304,"url":"/67460e68d5e5429d2eb1da13"},"timestamp":"2024-11-27T04:37:15.699Z"}
{"level":"info","message":{"duration":"154ms","method":"GET","status":304,"url":"/67460e68d5e5429d2eb1da13"},"timestamp":"2024-11-27T04:37:15.855Z"}
{"level":"info","message":{"duration":"179ms","method":"GET","status":304,"url":"/67460e68d5e5429d2eb1da13"},"timestamp":"2024-11-27T04:37:23.140Z"}
{"level":"info","message":{"duration":"167ms","method":"GET","status":304,"url":"/67460e68d5e5429d2eb1da13"},"timestamp":"2024-11-27T04:37:23.310Z"}
{"level":"info","message":{"duration":"156ms","method":"GET","status":304,"url":"/67460e68d5e5429d2eb1da13/training"},"timestamp":"2024-11-27T04:38:02.414Z"}
{"level":"info","message":{"duration":"169ms","method":"GET","status":304,"url":"/67460e68d5e5429d2eb1da13/training"},"timestamp":"2024-11-27T04:38:02.587Z"}
{"level":"info","message":{"duration":"154ms","method":"GET","status":304,"url":"/67460e68d5e5429d2eb1da13"},"timestamp":"2024-11-27T04:38:04.067Z"}
{"level":"info","message":{"duration":"156ms","method":"GET","status":304,"url":"/67460e68d5e5429d2eb1da13"},"timestamp":"2024-11-27T04:38:04.227Z"}
{"level":"info","message":{"duration":"190ms","method":"GET","status":304,"url":"/67460e68d5e5429d2eb1da13"},"timestamp":"2024-11-27T05:43:50.432Z"}
{"level":"info","message":{"duration":"154ms","method":"GET","status":304,"url":"/67460e68d5e5429d2eb1da13"},"timestamp":"2024-11-27T05:43:50.596Z"}
{"level":"info","message":{"duration":"153ms","method":"GET","status":304,"url":"/67460e68d5e5429d2eb1da13"},"timestamp":"2024-11-27T05:43:53.925Z"}
{"level":"info","message":{"duration":"154ms","method":"GET","status":304,"url":"/67460e68d5e5429d2eb1da13"},"timestamp":"2024-11-27T05:43:54.083Z"}
{"level":"info","message":{"duration":"442ms","method":"GET","status":200,"url":"/67460e68d5e5429d2eb1da13/history"},"timestamp":"2024-11-27T05:43:54.385Z"}
{"level":"info","message":{"duration":"378ms","method":"GET","status":304,"url":"/67460e68d5e5429d2eb1da13/history"},"timestamp":"2024-11-27T05:43:54.769Z"}
{"level":"info","message":{"duration":"158ms","method":"GET","status":304,"url":"/67460e68d5e5429d2eb1da13"},"timestamp":"2024-11-27T05:44:03.033Z"}
{"level":"info","message":{"duration":"157ms","method":"GET","status":304,"url":"/67460e68d5e5429d2eb1da13"},"timestamp":"2024-11-27T05:44:03.194Z"}
{"level":"info","message":{"duration":"255ms","method":"GET","status":304,"url":"/67460e68d5e5429d2eb1da13"},"timestamp":"2024-11-27T05:53:09.413Z"}
{"level":"info","message":{"duration":"159ms","method":"GET","status":304,"url":"/67460e68d5e5429d2eb1da13"},"timestamp":"2024-11-27T05:53:09.585Z"}
{"level":"info","message":{"duration":"387ms","method":"GET","status":304,"url":"/67460e68d5e5429d2eb1da13/history"},"timestamp":"2024-11-27T05:53:09.830Z"}
{"level":"info","message":{"duration":"375ms","method":"GET","status":304,"url":"/67460e68d5e5429d2eb1da13/history"},"timestamp":"2024-11-27T05:53:10.210Z"}
{"level":"info","message":{"duration":"529ms","method":"GET","status":304,"url":"/67460e68d5e5429d2eb1da13"},"timestamp":"2024-11-27T06:01:05.349Z"}
{"level":"info","message":{"duration":"163ms","method":"GET","status":304,"url":"/67460e68d5e5429d2eb1da13"},"timestamp":"2024-11-27T06:01:05.536Z"}
{"level":"info","message":{"duration":"407ms","method":"GET","status":304,"url":"/67460e68d5e5429d2eb1da13/history"},"timestamp":"2024-11-27T06:01:05.805Z"}
{"level":"info","message":{"duration":"420ms","method":"GET","status":304,"url":"/67460e68d5e5429d2eb1da13/history"},"timestamp":"2024-11-27T06:01:06.231Z"}
{"level":"info","message":{"duration":"185ms","method":"GET","status":304,"url":"/me"},"timestamp":"2024-11-27T06:02:27.331Z"}
{"level":"info","message":{"duration":"207ms","method":"GET","status":304,"url":"/me"},"timestamp":"2024-11-27T06:02:27.563Z"}
{"level":"info","message":{"duration":"166ms","method":"GET","status":304,"url":"/67460e68d5e5429d2eb1da13"},"timestamp":"2024-11-27T06:02:27.667Z"}
{"level":"info","message":{"duration":"162ms","method":"GET","status":304,"url":"/67460e68d5e5429d2eb1da13"},"timestamp":"2024-11-27T06:02:27.834Z"}
{"level":"info","message":{"duration":"375ms","method":"GET","status":304,"url":"/67460e68d5e5429d2eb1da13/history"},"timestamp":"2024-11-27T06:02:28.070Z"}
{"level":"info","message":{"duration":"387ms","method":"GET","status":304,"url":"/67460e68d5e5429d2eb1da13/history"},"timestamp":"2024-11-27T06:02:28.460Z"}
{"level":"info","message":{"duration":"152ms","method":"GET","status":304,"url":"/me"},"timestamp":"2024-11-27T06:03:34.797Z"}
{"level":"info","message":{"duration":"158ms","method":"GET","status":304,"url":"/me"},"timestamp":"2024-11-27T06:03:34.961Z"}
{"level":"info","message":{"duration":"164ms","method":"GET","status":304,"url":"/67460e68d5e5429d2eb1da13"},"timestamp":"2024-11-27T06:03:35.110Z"}
{"level":"info","message":{"duration":"158ms","method":"GET","status":304,"url":"/67460e68d5e5429d2eb1da13"},"timestamp":"2024-11-27T06:03:35.273Z"}
{"level":"info","message":{"duration":"397ms","method":"GET","status":304,"url":"/67460e68d5e5429d2eb1da13/history"},"timestamp":"2024-11-27T06:03:35.536Z"}
{"level":"info","message":{"duration":"370ms","method":"GET","status":304,"url":"/67460e68d5e5429d2eb1da13/history"},"timestamp":"2024-11-27T06:03:35.909Z"}
{"level":"info","message":{"duration":"215ms","method":"GET","status":304,"url":"/me"},"timestamp":"2024-11-27T06:03:46.400Z"}
{"level":"info","message":{"duration":"173ms","method":"GET","status":304,"url":"/me"},"timestamp":"2024-11-27T06:03:46.581Z"}
{"level":"info","message":{"duration":"198ms","method":"GET","status":304,"url":"/67460e68d5e5429d2eb1da13"},"timestamp":"2024-11-27T06:03:46.679Z"}
{"level":"info","message":{"duration":"166ms","method":"GET","status":304,"url":"/67460e68d5e5429d2eb1da13"},"timestamp":"2024-11-27T06:03:46.853Z"}
{"level":"info","message":{"duration":"385ms","method":"GET","status":304,"url":"/67460e68d5e5429d2eb1da13/history"},"timestamp":"2024-11-27T06:03:47.107Z"}
{"level":"info","message":{"duration":"420ms","method":"GET","status":304,"url":"/67460e68d5e5429d2eb1da13/history"},"timestamp":"2024-11-27T06:03:47.536Z"}
{"level":"info","message":{"duration":"153ms","method":"GET","status":304,"url":"/67460e68d5e5429d2eb1da13"},"timestamp":"2024-11-27T06:03:52.188Z"}
{"level":"info","message":{"duration":"155ms","method":"GET","status":304,"url":"/67460e68d5e5429d2eb1da13"},"timestamp":"2024-11-27T06:03:52.346Z"}
{"level":"info","message":{"duration":"162ms","method":"GET","status":304,"url":"/67460e68d5e5429d2eb1da13"},"timestamp":"2024-11-27T06:03:56.353Z"}
{"level":"info","message":{"duration":"157ms","method":"GET","status":304,"url":"/67460e68d5e5429d2eb1da13"},"timestamp":"2024-11-27T06:03:56.516Z"}
{"level":"info","message":{"duration":"374ms","method":"GET","status":304,"url":"/67460e68d5e5429d2eb1da13/history"},"timestamp":"2024-11-27T06:03:56.751Z"}
{"level":"info","message":{"duration":"382ms","method":"GET","status":304,"url":"/67460e68d5e5429d2eb1da13/history"},"timestamp":"2024-11-27T06:03:57.137Z"}
{"level":"info","message":{"duration":"154ms","method":"GET","status":304,"url":"/67460e68d5e5429d2eb1da13"},"timestamp":"2024-11-27T06:04:46.644Z"}
{"level":"info","message":{"duration":"391ms","method":"GET","status":304,"url":"/67460e68d5e5429d2eb1da13/history"},"timestamp":"2024-11-27T06:04:47.054Z"}
{"level":"info","message":{"duration":"433ms","method":"GET","status":304,"url":"/me"},"timestamp":"2024-11-27T06:06:17.273Z"}
{"level":"info","message":{"duration":"267ms","method":"GET","status":304,"url":"/me"},"timestamp":"2024-11-27T06:06:17.555Z"}
{"level":"info","message":{"duration":"185ms","method":"GET","status":304,"url":"/67460e68d5e5429d2eb1da13"},"timestamp":"2024-11-27T06:06:17.624Z"}
{"level":"info","message":{"duration":"218ms","method":"GET","status":304,"url":"/67460e68d5e5429d2eb1da13"},"timestamp":"2024-11-27T06:06:17.860Z"}
{"level":"info","message":{"duration":"455ms","method":"GET","status":304,"url":"/67460e68d5e5429d2eb1da13/history"},"timestamp":"2024-11-27T06:06:18.124Z"}
{"level":"info","message":{"duration":"448ms","method":"GET","status":304,"url":"/67460e68d5e5429d2eb1da13/history"},"timestamp":"2024-11-27T06:06:18.589Z"}
{"level":"info","message":{"duration":"294ms","method":"GET","status":304,"url":"/me"},"timestamp":"2024-11-27T06:13:32.950Z"}
{"level":"info","message":{"duration":"164ms","method":"GET","status":304,"url":"/me"},"timestamp":"2024-11-27T06:13:33.130Z"}
{"level":"info","message":{"duration":"179ms","method":"GET","status":304,"url":"/67460e68d5e5429d2eb1da13"},"timestamp":"2024-11-27T06:13:33.206Z"}
{"level":"info","message":{"duration":"157ms","method":"GET","status":304,"url":"/67460e68d5e5429d2eb1da13"},"timestamp":"2024-11-27T06:13:33.371Z"}
{"level":"info","message":{"duration":"255ms","method":"GET","status":200,"url":"/67460e68d5e5429d2eb1da13/history"},"timestamp":"2024-11-27T06:13:33.490Z"}
{"level":"info","message":{"duration":"258ms","method":"GET","status":304,"url":"/67460e68d5e5429d2eb1da13/history"},"timestamp":"2024-11-27T06:13:33.754Z"}
{"level":"info","message":{"duration":"434ms","method":"GET","status":304,"url":"/67460e68d5e5429d2eb1da13"},"timestamp":"2024-11-27T06:16:39.483Z"}
{"level":"info","message":{"duration":"162ms","method":"GET","status":304,"url":"/67460e68d5e5429d2eb1da13"},"timestamp":"2024-11-27T06:16:39.682Z"}
{"level":"info","message":{"duration":"245ms","method":"GET","status":304,"url":"/67460e68d5e5429d2eb1da13/history"},"timestamp":"2024-11-27T06:16:40.075Z"}
{"level":"info","message":{"duration":"229ms","method":"GET","status":304,"url":"/67460e68d5e5429d2eb1da13/history"},"timestamp":"2024-11-27T06:16:40.313Z"}
{"level":"info","message":{"duration":"347ms","method":"DELETE","status":200,"url":"/67460e68d5e5429d2eb1da13/history/6746253953de3a1e7f0c738f"},"timestamp":"2024-11-27T06:34:31.959Z"}
{"level":"info","message":{"duration":"214ms","method":"DELETE","status":200,"url":"/67460e68d5e5429d2eb1da13/history/6746252e53de3a1e7f0c7383"},"timestamp":"2024-11-27T06:34:38.753Z"}
{"level":"info","message":{"duration":"396ms","method":"GET","status":304,"url":"/me"},"timestamp":"2024-11-27T08:15:37.348Z"}
{"level":"info","message":{"duration":"151ms","method":"GET","status":304,"url":"/me"},"timestamp":"2024-11-27T08:15:37.533Z"}
{"level":"info","message":{"duration":"239ms","method":"GET","status":304,"url":"/67460e68d5e5429d2eb1da13"},"timestamp":"2024-11-27T08:15:37.647Z"}
{"level":"info","message":{"duration":"161ms","method":"GET","status":304,"url":"/67460e68d5e5429d2eb1da13"},"timestamp":"2024-11-27T08:15:37.840Z"}
{"level":"info","message":{"duration":"232ms","method":"GET","status":200,"url":"/67460e68d5e5429d2eb1da13/history"},"timestamp":"2024-11-27T08:15:37.928Z"}
{"level":"info","message":{"duration":"223ms","method":"GET","status":304,"url":"/67460e68d5e5429d2eb1da13/history"},"timestamp":"2024-11-27T08:15:38.154Z"}
{"level":"info","message":{"duration":"160ms","method":"GET","status":304,"url":"/"},"timestamp":"2024-11-27T08:15:40.758Z"}
{"level":"info","message":{"duration":"153ms","method":"GET","status":304,"url":"/"},"timestamp":"2024-11-27T08:15:40.914Z"}
{"level":"info","message":{"duration":"685ms","method":"GET","status":304,"url":"/67460e68d5e5429d2eb1da13"},"timestamp":"2024-11-27T11:39:17.242Z"}
{"level":"info","message":{"duration":"153ms","method":"GET","status":304,"url":"/67460e68d5e5429d2eb1da13"},"timestamp":"2024-11-27T11:39:17.413Z"}
{"level":"info","message":{"duration":"155ms","method":"GET","status":304,"url":"/67460e68d5e5429d2eb1da13"},"timestamp":"2024-11-27T11:39:23.663Z"}
{"level":"info","message":{"duration":"154ms","method":"GET","status":304,"url":"/67460e68d5e5429d2eb1da13"},"timestamp":"2024-11-27T11:39:23.822Z"}
{"level":"info","message":{"duration":"670ms","method":"GET","status":304,"url":"/67460e68d5e5429d2eb1da13/history"},"timestamp":"2024-11-27T11:39:24.355Z"}
{"level":"info","message":{"duration":"244ms","method":"GET","status":304,"url":"/67460e68d5e5429d2eb1da13/history"},"timestamp":"2024-11-27T11:39:24.605Z"}
