{"level":"info","message":{"duration":"435ms","method":"POST","status":200,"url":"/login"},"timestamp":"2024-11-28T04:16:29.602Z"}
{"level":"info","message":{"duration":"192ms","method":"GET","status":304,"url":"/"},"timestamp":"2024-11-28T04:16:30.043Z"}
{"level":"info","message":{"duration":"159ms","method":"GET","status":304,"url":"/"},"timestamp":"2024-11-28T04:16:30.208Z"}
{"level":"info","message":{"duration":"153ms","method":"GET","status":304,"url":"/67460e68d5e5429d2eb1da13"},"timestamp":"2024-11-28T04:16:59.301Z"}
{"level":"info","message":{"duration":"156ms","method":"GET","status":304,"url":"/67460e68d5e5429d2eb1da13"},"timestamp":"2024-11-28T04:16:59.461Z"}
{"level":"info","message":{"duration":"157ms","method":"GET","status":304,"url":"/67460e68d5e5429d2eb1da13/training"},"timestamp":"2024-11-28T04:17:26.959Z"}
{"level":"info","message":{"duration":"151ms","method":"GET","status":304,"url":"/67460e68d5e5429d2eb1da13/training"},"timestamp":"2024-11-28T04:17:27.114Z"}
{"level":"info","message":{"duration":"153ms","method":"GET","status":304,"url":"/67460e68d5e5429d2eb1da13/training/documents"},"timestamp":"2024-11-28T04:17:33.028Z"}
{"level":"info","message":{"duration":"169ms","method":"GET","status":304,"url":"/67460e68d5e5429d2eb1da13/training/documents"},"timestamp":"2024-11-28T04:17:33.200Z"}
{"level":"info","message":{"duration":"154ms","method":"GET","status":304,"url":"/67460e68d5e5429d2eb1da13/training"},"timestamp":"2024-11-28T04:17:39.911Z"}
{"level":"info","message":{"duration":"150ms","method":"GET","status":304,"url":"/67460e68d5e5429d2eb1da13/training"},"timestamp":"2024-11-28T04:17:40.064Z"}
{"level":"info","message":{"duration":"146ms","method":"GET","status":304,"url":"/67460e68d5e5429d2eb1da13"},"timestamp":"2024-11-28T04:17:46.653Z"}
{"level":"info","message":{"duration":"145ms","method":"GET","status":304,"url":"/67460e68d5e5429d2eb1da13"},"timestamp":"2024-11-28T04:17:46.804Z"}
{"level":"info","message":{"duration":"157ms","method":"GET","status":304,"url":"/67460e68d5e5429d2eb1da13"},"timestamp":"2024-11-28T04:17:50.366Z"}
{"level":"info","message":{"duration":"145ms","method":"GET","status":304,"url":"/67460e68d5e5429d2eb1da13"},"timestamp":"2024-11-28T04:17:50.517Z"}
{"level":"info","message":{"duration":"149ms","method":"GET","status":304,"url":"/67460e68d5e5429d2eb1da13"},"timestamp":"2024-11-28T04:17:58.365Z"}
{"level":"info","message":{"duration":"148ms","method":"GET","status":304,"url":"/67460e68d5e5429d2eb1da13"},"timestamp":"2024-11-28T04:17:58.518Z"}
{"level":"info","message":{"duration":"152ms","method":"GET","status":304,"url":"/"},"timestamp":"2024-11-28T04:18:47.918Z"}
{"level":"info","message":{"duration":"152ms","method":"GET","status":304,"url":"/"},"timestamp":"2024-11-28T04:18:48.076Z"}
{"level":"info","message":{"duration":"306ms","method":"POST","status":200,"url":"/login"},"timestamp":"2024-11-28T04:19:16.992Z"}
{"level":"info","message":{"duration":"146ms","method":"GET","status":304,"url":"/"},"timestamp":"2024-11-28T04:19:17.355Z"}
{"level":"info","message":{"duration":"143ms","method":"GET","status":304,"url":"/"},"timestamp":"2024-11-28T04:19:17.503Z"}
{"level":"info","message":{"duration":"147ms","method":"GET","status":304,"url":"/67460e68d5e5429d2eb1da13"},"timestamp":"2024-11-28T04:19:40.791Z"}
{"level":"info","message":{"duration":"142ms","method":"GET","status":304,"url":"/67460e68d5e5429d2eb1da13"},"timestamp":"2024-11-28T04:19:40.939Z"}
{"level":"info","message":{"duration":"145ms","method":"GET","status":304,"url":"/67460e68d5e5429d2eb1da13"},"timestamp":"2024-11-28T04:19:50.000Z"}
{"level":"info","message":{"duration":"148ms","method":"GET","status":304,"url":"/67460e68d5e5429d2eb1da13"},"timestamp":"2024-11-28T04:19:50.152Z"}
{"level":"info","message":{"duration":"248ms","method":"GET","status":304,"url":"/67460e68d5e5429d2eb1da13/history"},"timestamp":"2024-11-28T04:19:50.268Z"}
{"level":"info","message":{"duration":"236ms","method":"GET","status":304,"url":"/67460e68d5e5429d2eb1da13/history"},"timestamp":"2024-11-28T04:19:50.507Z"}
{"level":"info","message":{"duration":"159ms","method":"GET","status":304,"url":"/67460e68d5e5429d2eb1da13"},"timestamp":"2024-11-28T04:19:55.514Z"}
{"level":"info","message":{"duration":"155ms","method":"GET","status":304,"url":"/67460e68d5e5429d2eb1da13"},"timestamp":"2024-11-28T04:19:55.673Z"}
{"level":"info","message":{"duration":"161ms","method":"GET","status":304,"url":"/67460e68d5e5429d2eb1da13/training"},"timestamp":"2024-11-28T04:20:20.592Z"}
{"level":"info","message":{"duration":"153ms","method":"GET","status":304,"url":"/67460e68d5e5429d2eb1da13/training"},"timestamp":"2024-11-28T04:20:20.748Z"}
{"level":"info","message":{"duration":"152ms","method":"GET","status":304,"url":"/67460e68d5e5429d2eb1da13/training/documents"},"timestamp":"2024-11-28T04:20:31.176Z"}
{"level":"info","message":{"duration":"154ms","method":"GET","status":304,"url":"/67460e68d5e5429d2eb1da13/training/documents"},"timestamp":"2024-11-28T04:20:31.333Z"}
{"level":"info","message":{"duration":"158ms","method":"GET","status":304,"url":"/67460e68d5e5429d2eb1da13/training"},"timestamp":"2024-11-28T04:20:37.232Z"}
{"level":"info","message":{"duration":"156ms","method":"GET","status":304,"url":"/67460e68d5e5429d2eb1da13/training"},"timestamp":"2024-11-28T04:20:37.391Z"}
{"level":"info","message":{"duration":"159ms","method":"GET","status":304,"url":"/67460e68d5e5429d2eb1da13"},"timestamp":"2024-11-28T04:20:40.968Z"}
{"level":"info","message":{"duration":"157ms","method":"GET","status":304,"url":"/67460e68d5e5429d2eb1da13"},"timestamp":"2024-11-28T04:20:41.128Z"}
{"level":"info","message":{"duration":"156ms","method":"GET","status":304,"url":"/67460e68d5e5429d2eb1da13"},"timestamp":"2024-11-28T04:20:49.247Z"}
{"level":"info","message":{"duration":"156ms","method":"GET","status":304,"url":"/67460e68d5e5429d2eb1da13"},"timestamp":"2024-11-28T04:20:49.405Z"}
{"level":"info","message":{"duration":"163ms","method":"GET","status":304,"url":"/me"},"timestamp":"2024-11-28T04:21:24.159Z"}
{"level":"info","message":{"duration":"154ms","method":"GET","status":304,"url":"/me"},"timestamp":"2024-11-28T04:21:24.317Z"}
{"level":"info","message":{"duration":"6191ms","method":"POST","status":500,"url":"/67460e68d5e5429d2eb1da13"},"timestamp":"2024-11-28T04:21:34.912Z"}
{"level":"info","message":{"duration":"5686ms","method":"POST","status":500,"url":"/67460e68d5e5429d2eb1da13"},"timestamp":"2024-11-28T04:23:31.423Z"}
{"level":"info","message":{"duration":"328ms","method":"GET","status":304,"url":"/me"},"timestamp":"2024-11-28T04:27:43.987Z"}
{"level":"info","message":{"duration":"271ms","method":"GET","status":304,"url":"/me"},"timestamp":"2024-11-28T04:27:44.274Z"}
{"level":"info","message":{"duration":"248ms","method":"GET","status":304,"url":"/me"},"timestamp":"2024-11-28T04:27:44.528Z"}
{"level":"info","message":{"duration":"252ms","method":"GET","status":304,"url":"/me"},"timestamp":"2024-11-28T04:27:44.783Z"}
{"level":"info","message":{"duration":"266ms","method":"GET","status":304,"url":"/67460e68d5e5429d2eb1da13"},"timestamp":"2024-11-28T04:27:44.854Z"}
{"level":"info","message":{"duration":"231ms","method":"GET","status":304,"url":"/67460e68d5e5429d2eb1da13"},"timestamp":"2024-11-28T04:27:45.088Z"}
{"level":"info","message":{"duration":"226ms","method":"GET","status":304,"url":"/me"},"timestamp":"2024-11-28T04:35:47.995Z"}
{"level":"info","message":{"duration":"143ms","method":"GET","status":304,"url":"/me"},"timestamp":"2024-11-28T04:35:48.156Z"}
{"level":"info","message":{"duration":"3952ms","method":"POST","status":500,"url":"/67460e68d5e5429d2eb1da13"},"timestamp":"2024-11-28T04:35:59.008Z"}
{"level":"info","message":{"duration":"143ms","method":"GET","status":304,"url":"/me"},"timestamp":"2024-11-28T04:37:17.549Z"}
{"level":"info","message":{"duration":"144ms","method":"GET","status":304,"url":"/me"},"timestamp":"2024-11-28T04:37:17.698Z"}
{"level":"info","message":{"duration":"160ms","method":"GET","status":304,"url":"/67460e68d5e5429d2eb1da13"},"timestamp":"2024-11-28T04:37:17.792Z"}
{"level":"info","message":{"duration":"155ms","method":"GET","status":304,"url":"/67460e68d5e5429d2eb1da13"},"timestamp":"2024-11-28T04:37:17.951Z"}
{"level":"info","message":{"duration":"253ms","method":"GET","status":304,"url":"/me"},"timestamp":"2024-11-28T04:46:36.027Z"}
{"level":"info","message":{"duration":"153ms","method":"GET","status":304,"url":"/me"},"timestamp":"2024-11-28T04:46:36.195Z"}
{"level":"info","message":{"duration":"152ms","method":"GET","status":304,"url":"/67460e68d5e5429d2eb1da13"},"timestamp":"2024-11-28T04:46:36.225Z"}
{"level":"info","message":{"duration":"166ms","method":"GET","status":304,"url":"/67460e68d5e5429d2eb1da13"},"timestamp":"2024-11-28T04:46:36.394Z"}
{"level":"info","message":{"duration":"144ms","method":"GET","status":304,"url":"/me"},"timestamp":"2024-11-28T04:46:50.672Z"}
{"level":"info","message":{"duration":"143ms","method":"GET","status":304,"url":"/me"},"timestamp":"2024-11-28T04:46:50.818Z"}
{"level":"info","message":{"duration":"174ms","method":"GET","status":304,"url":"/"},"timestamp":"2024-11-28T04:50:42.834Z"}
{"level":"info","message":{"duration":"152ms","method":"GET","status":304,"url":"/"},"timestamp":"2024-11-28T04:50:42.998Z"}
{"level":"info","message":{"duration":"193ms","method":"DELETE","status":200,"url":"/67460e68d5e5429d2eb1da13"},"timestamp":"2024-11-28T04:50:48.240Z"}
{"level":"info","message":{"duration":"239ms","method":"POST","status":201,"url":"/"},"timestamp":"2024-11-28T04:51:17.685Z"}
{"level":"info","message":{"duration":"149ms","method":"GET","status":200,"url":"/"},"timestamp":"2024-11-28T04:51:17.844Z"}
{"level":"info","message":{"duration":"142ms","method":"GET","status":200,"url":"/6747f6c591e5465c6aed6364"},"timestamp":"2024-11-28T04:51:21.348Z"}
{"level":"info","message":{"duration":"146ms","method":"GET","status":304,"url":"/6747f6c591e5465c6aed6364"},"timestamp":"2024-11-28T04:51:21.501Z"}
{"level":"info","message":{"duration":"149ms","method":"GET","status":200,"url":"/6747f6c591e5465c6aed6364/training"},"timestamp":"2024-11-28T04:51:31.637Z"}
{"level":"info","message":{"duration":"150ms","method":"GET","status":304,"url":"/6747f6c591e5465c6aed6364/training"},"timestamp":"2024-11-28T04:51:31.792Z"}
{"level":"info","message":{"duration":"142ms","method":"GET","status":304,"url":"/6747f6c591e5465c6aed6364"},"timestamp":"2024-11-28T04:51:34.527Z"}
{"level":"info","message":{"duration":"145ms","method":"GET","status":304,"url":"/6747f6c591e5465c6aed6364"},"timestamp":"2024-11-28T04:51:34.676Z"}
{"level":"info","message":"Loaded document Las_Vegas_Pool_Services.pdf with 103 pages/sections","timestamp":"2024-11-28T04:51:47.596Z"}
{"level":"info","message":"Split into 104 chunks","timestamp":"2024-11-28T04:51:47.628Z"}
{"level":"info","message":"Successfully stored 104 vectors for document Las_Vegas_Pool_Services.pdf","timestamp":"2024-11-28T04:51:55.269Z"}
{"level":"info","message":{"duration":"9040ms","method":"POST","status":200,"url":"/6747f6c591e5465c6aed6364/train/documents"},"timestamp":"2024-11-28T04:51:55.368Z"}
{"level":"info","message":{"duration":"148ms","method":"GET","status":200,"url":"/6747f6c591e5465c6aed6364"},"timestamp":"2024-11-28T04:52:00.530Z"}
{"level":"info","message":{"duration":"139ms","method":"GET","status":304,"url":"/6747f6c591e5465c6aed6364"},"timestamp":"2024-11-28T04:52:00.677Z"}
{"level":"info","message":{"duration":"254ms","method":"PATCH","status":200,"url":"/6747f6c591e5465c6aed6364/settings"},"timestamp":"2024-11-28T04:52:15.758Z"}
{"level":"info","message":{"duration":"154ms","method":"GET","status":200,"url":"/6747f6c591e5465c6aed6364"},"timestamp":"2024-11-28T04:52:19.519Z"}
{"level":"info","message":{"duration":"149ms","method":"GET","status":304,"url":"/6747f6c591e5465c6aed6364"},"timestamp":"2024-11-28T04:52:19.673Z"}
{"level":"info","message":{"duration":"4830ms","method":"POST","status":500,"url":"/6747f6c591e5465c6aed6364"},"timestamp":"2024-11-28T04:53:06.903Z"}
{"level":"info","message":{"duration":"244ms","method":"GET","status":304,"url":"/me"},"timestamp":"2024-11-28T04:55:13.587Z"}
{"level":"info","message":{"duration":"153ms","method":"GET","status":304,"url":"/me"},"timestamp":"2024-11-28T04:55:13.754Z"}
{"level":"info","message":{"duration":"172ms","method":"GET","status":304,"url":"/6747f6c591e5465c6aed6364"},"timestamp":"2024-11-28T04:55:13.822Z"}
{"level":"info","message":{"duration":"167ms","method":"GET","status":304,"url":"/6747f6c591e5465c6aed6364"},"timestamp":"2024-11-28T04:55:13.998Z"}
{"level":"info","message":{"duration":"4792ms","method":"POST","status":500,"url":"/6747f6c591e5465c6aed6364"},"timestamp":"2024-11-28T04:55:27.221Z"}
{"level":"info","message":{"duration":"5303ms","method":"POST","status":500,"url":"/6747f6c591e5465c6aed6364"},"timestamp":"2024-11-28T05:19:38.944Z"}
{"level":"info","message":{"duration":"182ms","method":"GET","status":304,"url":"/me"},"timestamp":"2024-11-28T05:20:08.870Z"}
{"level":"info","message":{"duration":"159ms","method":"GET","status":304,"url":"/me"},"timestamp":"2024-11-28T05:20:09.034Z"}
{"level":"info","message":{"duration":"166ms","method":"GET","status":304,"url":"/6747f6c591e5465c6aed6364"},"timestamp":"2024-11-28T05:20:09.084Z"}
{"level":"info","message":{"duration":"165ms","method":"GET","status":304,"url":"/6747f6c591e5465c6aed6364"},"timestamp":"2024-11-28T05:20:09.255Z"}
{"level":"info","message":{"duration":"159ms","method":"GET","status":304,"url":"/me"},"timestamp":"2024-11-28T05:21:09.825Z"}
{"level":"info","message":{"duration":"158ms","method":"GET","status":304,"url":"/me"},"timestamp":"2024-11-28T05:21:09.989Z"}
{"level":"info","message":{"duration":"3648ms","method":"POST","status":500,"url":"/6747f6c591e5465c6aed6364"},"timestamp":"2024-11-28T05:21:47.984Z"}
{"level":"info","message":{"duration":"217ms","method":"GET","status":304,"url":"/me"},"timestamp":"2024-11-28T05:24:05.763Z"}
{"level":"info","message":{"duration":"142ms","method":"GET","status":304,"url":"/me"},"timestamp":"2024-11-28T05:24:05.918Z"}
{"level":"info","message":{"duration":"5119ms","method":"POST","status":200,"url":"/6747f6c591e5465c6aed6364"},"timestamp":"2024-11-28T05:25:06.382Z"}
{"level":"info","message":{"duration":"4000ms","method":"POST","status":200,"url":"/6747f6c591e5465c6aed6364"},"timestamp":"2024-11-28T05:25:18.585Z"}
{"level":"info","message":{"duration":"607ms","method":"GET","status":304,"url":"/6747f6c591e5465c6aed6364"},"timestamp":"2024-11-28T05:50:13.623Z"}
{"level":"info","message":{"duration":"366ms","method":"GET","status":304,"url":"/6747f6c591e5465c6aed6364"},"timestamp":"2024-11-28T05:50:14.103Z"}
{"level":"info","message":{"duration":"241ms","method":"GET","status":200,"url":"/"},"timestamp":"2024-11-28T05:50:14.840Z"}
{"level":"info","message":{"duration":"150ms","method":"GET","status":304,"url":"/"},"timestamp":"2024-11-28T05:50:15.003Z"}
{"level":"info","message":{"duration":"460ms","method":"POST","status":200,"url":"/login"},"timestamp":"2024-11-28T05:50:55.357Z"}
{"level":"info","message":{"duration":"139ms","method":"GET","status":304,"url":"/"},"timestamp":"2024-11-28T05:50:55.773Z"}
{"level":"info","message":{"duration":"145ms","method":"GET","status":304,"url":"/"},"timestamp":"2024-11-28T05:50:55.922Z"}
{"level":"info","message":{"duration":"151ms","method":"GET","status":304,"url":"/"},"timestamp":"2024-11-28T05:52:01.865Z"}
{"level":"info","message":{"duration":"148ms","method":"GET","status":304,"url":"/"},"timestamp":"2024-11-28T05:52:02.021Z"}
{"level":"info","message":{"duration":"134ms","method":"GET","status":304,"url":"/6747f6c591e5465c6aed6364"},"timestamp":"2024-11-28T05:52:26.892Z"}
{"level":"info","message":{"duration":"147ms","method":"GET","status":304,"url":"/6747f6c591e5465c6aed6364"},"timestamp":"2024-11-28T05:52:27.043Z"}
{"level":"info","message":{"duration":"183ms","method":"GET","status":200,"url":"/6747f6c591e5465c6aed6364/training"},"timestamp":"2024-11-28T05:53:11.803Z"}
{"level":"info","message":{"duration":"144ms","method":"GET","status":304,"url":"/6747f6c591e5465c6aed6364/training"},"timestamp":"2024-11-28T05:53:11.952Z"}
{"level":"info","message":{"duration":"150ms","method":"GET","status":200,"url":"/6747f6c591e5465c6aed6364/training/documents"},"timestamp":"2024-11-28T05:53:20.238Z"}
{"level":"info","message":{"duration":"150ms","method":"GET","status":304,"url":"/6747f6c591e5465c6aed6364/training/documents"},"timestamp":"2024-11-28T05:53:20.398Z"}
{"level":"info","message":{"duration":"135ms","method":"GET","status":304,"url":"/6747f6c591e5465c6aed6364/training"},"timestamp":"2024-11-28T05:53:26.517Z"}
{"level":"info","message":{"duration":"165ms","method":"GET","status":304,"url":"/6747f6c591e5465c6aed6364/training"},"timestamp":"2024-11-28T05:53:26.685Z"}
{"level":"info","message":{"duration":"156ms","method":"GET","status":304,"url":"/"},"timestamp":"2024-11-28T05:54:21.027Z"}
{"level":"info","message":{"duration":"159ms","method":"GET","status":304,"url":"/"},"timestamp":"2024-11-28T05:54:21.189Z"}
{"level":"info","message":{"duration":"145ms","method":"GET","status":304,"url":"/"},"timestamp":"2024-11-28T05:55:01.210Z"}
{"level":"info","message":{"duration":"164ms","method":"GET","status":304,"url":"/"},"timestamp":"2024-11-28T05:55:01.377Z"}
{"level":"info","message":{"duration":"142ms","method":"GET","status":304,"url":"/6747f6c591e5465c6aed6364"},"timestamp":"2024-11-28T05:55:08.571Z"}
{"level":"info","message":{"duration":"146ms","method":"GET","status":304,"url":"/6747f6c591e5465c6aed6364"},"timestamp":"2024-11-28T05:55:08.721Z"}
{"level":"info","message":{"duration":"140ms","method":"GET","status":304,"url":"/6747f6c591e5465c6aed6364"},"timestamp":"2024-11-28T05:55:14.102Z"}
{"level":"info","message":{"duration":"139ms","method":"GET","status":304,"url":"/6747f6c591e5465c6aed6364"},"timestamp":"2024-11-28T05:55:14.243Z"}
{"level":"info","message":{"duration":"255ms","method":"GET","status":200,"url":"/6747f6c591e5465c6aed6364/history"},"timestamp":"2024-11-28T05:55:14.375Z"}
{"level":"info","message":{"duration":"226ms","method":"GET","status":304,"url":"/6747f6c591e5465c6aed6364/history"},"timestamp":"2024-11-28T05:55:14.605Z"}
{"level":"info","message":{"duration":"150ms","method":"GET","status":304,"url":"/6747f6c591e5465c6aed6364"},"timestamp":"2024-11-28T05:56:41.854Z"}
{"level":"info","message":{"duration":"158ms","method":"GET","status":304,"url":"/6747f6c591e5465c6aed6364"},"timestamp":"2024-11-28T05:56:42.017Z"}
{"level":"info","message":{"duration":"784ms","method":"GET","status":304,"url":"/"},"timestamp":"2024-11-28T10:56:32.238Z"}
{"level":"info","message":{"duration":"159ms","method":"GET","status":304,"url":"/"},"timestamp":"2024-11-28T10:56:32.442Z"}
{"level":"info","message":{"duration":"148ms","method":"GET","status":304,"url":"/6747f6c591e5465c6aed6364"},"timestamp":"2024-11-28T10:56:36.369Z"}
{"level":"info","message":{"duration":"207ms","method":"GET","status":304,"url":"/6747f6c591e5465c6aed6364"},"timestamp":"2024-11-28T10:56:36.580Z"}
{"level":"info","message":{"duration":"352ms","method":"GET","status":304,"url":"/6747f6c591e5465c6aed6364/training"},"timestamp":"2024-11-28T10:56:48.574Z"}
{"level":"info","message":{"duration":"241ms","method":"GET","status":304,"url":"/6747f6c591e5465c6aed6364/training"},"timestamp":"2024-11-28T10:56:48.822Z"}
{"level":"info","message":{"duration":"141ms","method":"GET","status":304,"url":"/6747f6c591e5465c6aed6364"},"timestamp":"2024-11-28T10:56:55.137Z"}
{"level":"info","message":{"duration":"199ms","method":"GET","status":304,"url":"/6747f6c591e5465c6aed6364"},"timestamp":"2024-11-28T10:56:55.404Z"}
{"level":"info","message":{"duration":"140ms","method":"GET","status":304,"url":"/6747f6c591e5465c6aed6364"},"timestamp":"2024-11-28T10:56:58.328Z"}
{"level":"info","message":{"duration":"139ms","method":"GET","status":304,"url":"/6747f6c591e5465c6aed6364"},"timestamp":"2024-11-28T10:56:58.471Z"}
{"level":"info","message":{"duration":"143ms","method":"GET","status":304,"url":"/6747f6c591e5465c6aed6364"},"timestamp":"2024-11-28T10:57:01.420Z"}
{"level":"info","message":{"duration":"147ms","method":"GET","status":304,"url":"/6747f6c591e5465c6aed6364"},"timestamp":"2024-11-28T10:57:01.571Z"}
{"level":"info","message":{"duration":"145ms","method":"GET","status":304,"url":"/"},"timestamp":"2024-11-28T10:57:06.068Z"}
{"level":"info","message":{"duration":"147ms","method":"GET","status":304,"url":"/"},"timestamp":"2024-11-28T10:57:06.218Z"}
{"level":"info","message":{"duration":"154ms","method":"GET","status":304,"url":"/6747f6c591e5465c6aed6364"},"timestamp":"2024-11-28T11:03:12.832Z"}
{"level":"info","message":{"duration":"149ms","method":"GET","status":304,"url":"/6747f6c591e5465c6aed6364"},"timestamp":"2024-11-28T11:03:12.987Z"}
{"level":"info","message":{"duration":"147ms","method":"GET","status":304,"url":"/6747f6c591e5465c6aed6364/training"},"timestamp":"2024-11-28T11:05:18.355Z"}
{"level":"info","message":{"duration":"148ms","method":"GET","status":304,"url":"/6747f6c591e5465c6aed6364/training"},"timestamp":"2024-11-28T11:05:18.507Z"}
{"level":"info","message":{"duration":"626ms","method":"GET","status":304,"url":"/6747f6c591e5465c6aed6364/training"},"timestamp":"2024-11-28T12:31:07.245Z"}
{"level":"info","message":{"duration":"389ms","method":"GET","status":304,"url":"/me"},"timestamp":"2024-11-28T13:11:49.727Z"}
{"level":"info","message":{"duration":"152ms","method":"GET","status":304,"url":"/me"},"timestamp":"2024-11-28T13:11:49.894Z"}
{"level":"info","message":{"duration":"171ms","method":"GET","status":304,"url":"/6747f6c591e5465c6aed6364/training"},"timestamp":"2024-11-28T13:11:50.101Z"}
{"level":"info","message":{"duration":"157ms","method":"GET","status":304,"url":"/6747f6c591e5465c6aed6364/training"},"timestamp":"2024-11-28T13:11:50.265Z"}
