{"level":"info","message":{"duration":"363ms","method":"POST","status":200,"url":"/login"},"timestamp":"2024-12-02T04:09:19.805Z"}
{"level":"info","message":{"duration":"161ms","method":"GET","status":304,"url":"/"},"timestamp":"2024-12-02T04:09:20.177Z"}
{"level":"info","message":{"duration":"143ms","method":"GET","status":304,"url":"/"},"timestamp":"2024-12-02T04:09:20.325Z"}
{"level":"info","message":{"duration":"146ms","method":"GET","status":304,"url":"/6747f6c591e5465c6aed6364"},"timestamp":"2024-12-02T04:09:43.209Z"}
{"level":"info","message":{"duration":"143ms","method":"GET","status":304,"url":"/6747f6c591e5465c6aed6364"},"timestamp":"2024-12-02T04:09:43.357Z"}
{"level":"info","message":{"duration":"139ms","method":"GET","status":304,"url":"/6747f6c591e5465c6aed6364/training"},"timestamp":"2024-12-02T04:09:49.035Z"}
{"level":"info","message":{"duration":"134ms","method":"GET","status":304,"url":"/6747f6c591e5465c6aed6364/training"},"timestamp":"2024-12-02T04:09:49.172Z"}
{"level":"info","message":{"duration":"373ms","method":"GET","status":304,"url":"/me"},"timestamp":"2024-12-02T04:27:11.476Z"}
{"level":"info","message":{"duration":"167ms","method":"GET","status":304,"url":"/me"},"timestamp":"2024-12-02T04:27:11.672Z"}
{"level":"info","message":{"duration":"174ms","method":"GET","status":304,"url":"/6747f6c591e5465c6aed6364/training"},"timestamp":"2024-12-02T04:27:12.156Z"}
{"level":"info","message":{"duration":"138ms","method":"GET","status":304,"url":"/6747f6c591e5465c6aed6364/training"},"timestamp":"2024-12-02T04:27:12.304Z"}
{"level":"info","message":{"duration":"148ms","method":"GET","status":304,"url":"/"},"timestamp":"2024-12-02T04:27:41.463Z"}
{"level":"info","message":{"duration":"147ms","method":"GET","status":304,"url":"/"},"timestamp":"2024-12-02T04:27:41.613Z"}
{"level":"info","message":{"duration":"251ms","method":"POST","status":201,"url":"/"},"timestamp":"2024-12-02T04:28:24.666Z"}
{"level":"info","message":{"duration":"135ms","method":"GET","status":200,"url":"/"},"timestamp":"2024-12-02T04:28:24.813Z"}
{"level":"info","message":{"duration":"135ms","method":"GET","status":200,"url":"/674d3768dbb20cf2d1bcf086"},"timestamp":"2024-12-02T04:28:28.393Z"}
{"level":"info","message":{"duration":"142ms","method":"GET","status":304,"url":"/674d3768dbb20cf2d1bcf086"},"timestamp":"2024-12-02T04:28:28.542Z"}
{"level":"info","message":{"duration":"136ms","method":"GET","status":200,"url":"/674d3768dbb20cf2d1bcf086/training"},"timestamp":"2024-12-02T04:28:39.053Z"}
{"level":"info","message":{"duration":"132ms","method":"GET","status":304,"url":"/674d3768dbb20cf2d1bcf086/training"},"timestamp":"2024-12-02T04:28:39.190Z"}
{"error":"Cannot find /api/training/website/674d3768dbb20cf2d1bcf086 on this server","level":"error","message":"Server Error","stack":"Error: Cannot find /api/training/website/674d3768dbb20cf2d1bcf086 on this server\n    at notFound (file:///D:/Office/Project/AI-Saas/liqorice/backend/middleware/errorHandler.js:54:17)\n    at Layer.handle [as handle_request] (D:\\Office\\Project\\AI-Saas\\liqorice\\backend\\node_modules\\express\\lib\\router\\layer.js:95:5)\n    at trim_prefix (D:\\Office\\Project\\AI-Saas\\liqorice\\backend\\node_modules\\express\\lib\\router\\index.js:328:13)\n    at D:\\Office\\Project\\AI-Saas\\liqorice\\backend\\node_modules\\express\\lib\\router\\index.js:286:9\n    at Function.process_params (D:\\Office\\Project\\AI-Saas\\liqorice\\backend\\node_modules\\express\\lib\\router\\index.js:346:12)\n    at next (D:\\Office\\Project\\AI-Saas\\liqorice\\backend\\node_modules\\express\\lib\\router\\index.js:280:10)\n    at Layer.handle [as handle_request] (D:\\Office\\Project\\AI-Saas\\liqorice\\backend\\node_modules\\express\\lib\\router\\layer.js:91:12)\n    at trim_prefix (D:\\Office\\Project\\AI-Saas\\liqorice\\backend\\node_modules\\express\\lib\\router\\index.js:328:13)\n    at D:\\Office\\Project\\AI-Saas\\liqorice\\backend\\node_modules\\express\\lib\\router\\index.js:286:9\n    at Function.process_params (D:\\Office\\Project\\AI-Saas\\liqorice\\backend\\node_modules\\express\\lib\\router\\index.js:346:12)","timestamp":"2024-12-02T04:29:47.964Z"}
{"level":"info","message":{"duration":"16ms","method":"POST","status":404,"url":"/api/training/website/674d3768dbb20cf2d1bcf086"},"timestamp":"2024-12-02T04:29:47.970Z"}
{"level":"info","message":{"duration":"284ms","method":"GET","status":304,"url":"/me"},"timestamp":"2024-12-02T04:42:47.923Z"}
{"level":"info","message":{"duration":"144ms","method":"GET","status":304,"url":"/me"},"timestamp":"2024-12-02T04:42:48.089Z"}
{"level":"info","message":{"duration":"168ms","method":"GET","status":304,"url":"/674d3768dbb20cf2d1bcf086/training"},"timestamp":"2024-12-02T04:42:48.891Z"}
{"level":"info","message":{"duration":"152ms","method":"GET","status":304,"url":"/674d3768dbb20cf2d1bcf086/training"},"timestamp":"2024-12-02T04:42:49.048Z"}
{"error":"Cannot find /api/api/training/website/674d3768dbb20cf2d1bcf086 on this server","level":"error","message":"Server Error","stack":"Error: Cannot find /api/api/training/website/674d3768dbb20cf2d1bcf086 on this server\n    at notFound (file:///D:/Office/Project/AI-Saas/liqorice/backend/middleware/errorHandler.js:54:17)\n    at Layer.handle [as handle_request] (D:\\Office\\Project\\AI-Saas\\liqorice\\backend\\node_modules\\express\\lib\\router\\layer.js:95:5)\n    at trim_prefix (D:\\Office\\Project\\AI-Saas\\liqorice\\backend\\node_modules\\express\\lib\\router\\index.js:328:13)\n    at D:\\Office\\Project\\AI-Saas\\liqorice\\backend\\node_modules\\express\\lib\\router\\index.js:286:9\n    at Function.process_params (D:\\Office\\Project\\AI-Saas\\liqorice\\backend\\node_modules\\express\\lib\\router\\index.js:346:12)\n    at next (D:\\Office\\Project\\AI-Saas\\liqorice\\backend\\node_modules\\express\\lib\\router\\index.js:280:10)\n    at Layer.handle [as handle_request] (D:\\Office\\Project\\AI-Saas\\liqorice\\backend\\node_modules\\express\\lib\\router\\layer.js:91:12)\n    at trim_prefix (D:\\Office\\Project\\AI-Saas\\liqorice\\backend\\node_modules\\express\\lib\\router\\index.js:328:13)\n    at D:\\Office\\Project\\AI-Saas\\liqorice\\backend\\node_modules\\express\\lib\\router\\index.js:286:9\n    at Function.process_params (D:\\Office\\Project\\AI-Saas\\liqorice\\backend\\node_modules\\express\\lib\\router\\index.js:346:12)","timestamp":"2024-12-02T04:43:19.034Z"}
{"level":"info","message":{"duration":"9ms","method":"POST","status":404,"url":"/api/api/training/website/674d3768dbb20cf2d1bcf086"},"timestamp":"2024-12-02T04:43:19.039Z"}
{"level":"info","message":{"duration":"204ms","method":"GET","status":304,"url":"/me"},"timestamp":"2024-12-02T04:44:49.985Z"}
{"level":"info","message":{"duration":"130ms","method":"GET","status":304,"url":"/me"},"timestamp":"2024-12-02T04:44:50.126Z"}
{"level":"info","message":{"duration":"140ms","method":"GET","status":304,"url":"/674d3768dbb20cf2d1bcf086/training"},"timestamp":"2024-12-02T04:44:50.950Z"}
{"level":"info","message":{"duration":"125ms","method":"GET","status":304,"url":"/674d3768dbb20cf2d1bcf086/training"},"timestamp":"2024-12-02T04:44:51.081Z"}
{"level":"info","message":{"duration":"158ms","method":"GET","status":304,"url":"/me"},"timestamp":"2024-12-02T04:48:31.897Z"}
{"level":"info","message":{"duration":"157ms","method":"GET","status":304,"url":"/me"},"timestamp":"2024-12-02T04:48:32.063Z"}
{"level":"info","message":{"duration":"128ms","method":"GET","status":304,"url":"/674d3768dbb20cf2d1bcf086/training"},"timestamp":"2024-12-02T04:48:32.662Z"}
{"level":"info","message":{"duration":"123ms","method":"GET","status":304,"url":"/674d3768dbb20cf2d1bcf086/training"},"timestamp":"2024-12-02T04:48:32.788Z"}
{"level":"info","message":{"duration":"172ms","method":"GET","status":304,"url":"/me"},"timestamp":"2024-12-02T04:51:57.423Z"}
{"level":"info","message":{"duration":"137ms","method":"GET","status":304,"url":"/me"},"timestamp":"2024-12-02T04:51:57.583Z"}
{"level":"info","message":{"duration":"138ms","method":"GET","status":304,"url":"/674d3768dbb20cf2d1bcf086/training"},"timestamp":"2024-12-02T04:51:58.104Z"}
{"level":"info","message":{"duration":"144ms","method":"GET","status":304,"url":"/674d3768dbb20cf2d1bcf086/training"},"timestamp":"2024-12-02T04:51:58.259Z"}
{"error":"Cannot find /api/api/training/website/674d3768dbb20cf2d1bcf086 on this server","level":"error","message":"Server Error","stack":"Error: Cannot find /api/api/training/website/674d3768dbb20cf2d1bcf086 on this server\n    at notFound (file:///D:/Office/Project/AI-Saas/liqorice/backend/middleware/errorHandler.js:54:17)\n    at Layer.handle [as handle_request] (D:\\Office\\Project\\AI-Saas\\liqorice\\backend\\node_modules\\express\\lib\\router\\layer.js:95:5)\n    at trim_prefix (D:\\Office\\Project\\AI-Saas\\liqorice\\backend\\node_modules\\express\\lib\\router\\index.js:328:13)\n    at D:\\Office\\Project\\AI-Saas\\liqorice\\backend\\node_modules\\express\\lib\\router\\index.js:286:9\n    at Function.process_params (D:\\Office\\Project\\AI-Saas\\liqorice\\backend\\node_modules\\express\\lib\\router\\index.js:346:12)\n    at next (D:\\Office\\Project\\AI-Saas\\liqorice\\backend\\node_modules\\express\\lib\\router\\index.js:280:10)\n    at Layer.handle [as handle_request] (D:\\Office\\Project\\AI-Saas\\liqorice\\backend\\node_modules\\express\\lib\\router\\layer.js:91:12)\n    at trim_prefix (D:\\Office\\Project\\AI-Saas\\liqorice\\backend\\node_modules\\express\\lib\\router\\index.js:328:13)\n    at D:\\Office\\Project\\AI-Saas\\liqorice\\backend\\node_modules\\express\\lib\\router\\index.js:286:9\n    at Function.process_params (D:\\Office\\Project\\AI-Saas\\liqorice\\backend\\node_modules\\express\\lib\\router\\index.js:346:12)","timestamp":"2024-12-02T04:52:06.559Z"}
{"level":"info","message":{"duration":"20ms","method":"POST","status":404,"url":"/api/api/training/website/674d3768dbb20cf2d1bcf086"},"timestamp":"2024-12-02T04:52:06.566Z"}
{"level":"info","message":{"duration":"336ms","method":"GET","status":304,"url":"/me"},"timestamp":"2024-12-02T04:57:07.131Z"}
{"level":"info","message":{"duration":"145ms","method":"GET","status":304,"url":"/me"},"timestamp":"2024-12-02T04:57:07.302Z"}
{"level":"info","message":{"duration":"157ms","method":"GET","status":304,"url":"/674d3768dbb20cf2d1bcf086/training"},"timestamp":"2024-12-02T04:57:08.091Z"}
{"level":"info","message":{"duration":"145ms","method":"GET","status":304,"url":"/674d3768dbb20cf2d1bcf086/training"},"timestamp":"2024-12-02T04:57:08.247Z"}
{"level":"info","message":{"duration":"164ms","method":"GET","status":304,"url":"/me"},"timestamp":"2024-12-02T04:57:26.792Z"}
{"level":"info","message":{"duration":"174ms","method":"GET","status":304,"url":"/me"},"timestamp":"2024-12-02T04:57:26.982Z"}
{"level":"info","message":{"duration":"123ms","method":"GET","status":304,"url":"/674d3768dbb20cf2d1bcf086/training"},"timestamp":"2024-12-02T04:57:27.379Z"}
{"level":"info","message":{"duration":"124ms","method":"GET","status":304,"url":"/674d3768dbb20cf2d1bcf086/training"},"timestamp":"2024-12-02T04:57:27.507Z"}
{"level":"info","message":{"duration":"31085ms","method":"POST","status":500,"url":"/website/674d3768dbb20cf2d1bcf086"},"timestamp":"2024-12-02T04:58:14.477Z"}
{"level":"info","message":{"duration":"361ms","method":"POST","status":200,"url":"/login"},"timestamp":"2024-12-02T05:02:46.749Z"}
{"level":"info","message":{"duration":"164ms","method":"GET","status":304,"url":"/"},"timestamp":"2024-12-02T05:02:47.126Z"}
{"level":"info","message":{"duration":"144ms","method":"GET","status":304,"url":"/"},"timestamp":"2024-12-02T05:02:47.276Z"}
{"level":"info","message":{"duration":"138ms","method":"GET","status":304,"url":"/674d3768dbb20cf2d1bcf086"},"timestamp":"2024-12-02T05:02:49.791Z"}
{"level":"info","message":{"duration":"143ms","method":"GET","status":304,"url":"/674d3768dbb20cf2d1bcf086"},"timestamp":"2024-12-02T05:02:49.938Z"}
{"level":"info","message":{"duration":"139ms","method":"GET","status":304,"url":"/674d3768dbb20cf2d1bcf086/training"},"timestamp":"2024-12-02T05:02:53.477Z"}
{"level":"info","message":{"duration":"142ms","method":"GET","status":304,"url":"/674d3768dbb20cf2d1bcf086/training"},"timestamp":"2024-12-02T05:02:53.623Z"}
{"level":"info","message":{"duration":"26129ms","method":"POST","status":200,"url":"/website/674d3768dbb20cf2d1bcf086"},"timestamp":"2024-12-02T05:03:41.483Z"}
{"level":"info","message":{"duration":"141ms","method":"GET","status":304,"url":"/674d3768dbb20cf2d1bcf086"},"timestamp":"2024-12-02T05:05:21.226Z"}
{"level":"info","message":{"duration":"131ms","method":"GET","status":304,"url":"/674d3768dbb20cf2d1bcf086"},"timestamp":"2024-12-02T05:05:21.363Z"}
{"level":"info","message":{"duration":"255ms","method":"POST","status":200,"url":"/674d3768dbb20cf2d1bcf086/deploy"},"timestamp":"2024-12-02T05:05:25.060Z"}
{"level":"info","message":{"duration":"132ms","method":"GET","status":200,"url":"/674d3768dbb20cf2d1bcf086"},"timestamp":"2024-12-02T05:05:25.204Z"}
{"level":"info","message":{"duration":"145ms","method":"GET","status":304,"url":"/me"},"timestamp":"2024-12-02T05:05:43.587Z"}
{"level":"info","message":{"duration":"142ms","method":"GET","status":304,"url":"/me"},"timestamp":"2024-12-02T05:05:43.733Z"}
{"level":"info","message":{"duration":"4839ms","method":"POST","status":200,"url":"/674d3768dbb20cf2d1bcf086"},"timestamp":"2024-12-02T05:06:45.990Z"}
{"level":"info","message":{"duration":"4701ms","method":"POST","status":200,"url":"/674d3768dbb20cf2d1bcf086"},"timestamp":"2024-12-02T05:07:00.739Z"}
{"level":"info","message":{"duration":"4376ms","method":"POST","status":200,"url":"/674d3768dbb20cf2d1bcf086"},"timestamp":"2024-12-02T05:07:42.907Z"}
{"level":"info","message":{"duration":"4551ms","method":"POST","status":200,"url":"/674d3768dbb20cf2d1bcf086"},"timestamp":"2024-12-02T05:08:40.375Z"}
{"level":"info","message":{"duration":"3992ms","method":"POST","status":200,"url":"/674d3768dbb20cf2d1bcf086"},"timestamp":"2024-12-02T05:09:15.097Z"}
{"level":"info","message":{"duration":"3990ms","method":"POST","status":200,"url":"/674d3768dbb20cf2d1bcf086"},"timestamp":"2024-12-02T05:09:38.234Z"}
{"level":"info","message":{"duration":"4357ms","method":"POST","status":200,"url":"/674d3768dbb20cf2d1bcf086"},"timestamp":"2024-12-02T05:10:01.895Z"}
{"level":"info","message":{"duration":"128ms","method":"GET","status":304,"url":"/674d3768dbb20cf2d1bcf086"},"timestamp":"2024-12-02T05:10:22.824Z"}
{"level":"info","message":{"duration":"144ms","method":"GET","status":304,"url":"/674d3768dbb20cf2d1bcf086"},"timestamp":"2024-12-02T05:10:22.972Z"}
{"level":"info","message":{"duration":"135ms","method":"GET","status":304,"url":"/674d3768dbb20cf2d1bcf086/training"},"timestamp":"2024-12-02T05:10:26.207Z"}
{"level":"info","message":{"duration":"136ms","method":"GET","status":304,"url":"/674d3768dbb20cf2d1bcf086/training"},"timestamp":"2024-12-02T05:10:26.353Z"}
{"level":"info","message":{"duration":"131ms","method":"GET","status":304,"url":"/674d3768dbb20cf2d1bcf086"},"timestamp":"2024-12-02T05:10:33.486Z"}
{"level":"info","message":{"duration":"154ms","method":"GET","status":304,"url":"/674d3768dbb20cf2d1bcf086"},"timestamp":"2024-12-02T05:10:33.643Z"}
{"level":"info","message":{"duration":"132ms","method":"GET","status":304,"url":"/674d3768dbb20cf2d1bcf086/training"},"timestamp":"2024-12-02T05:10:38.581Z"}
{"level":"info","message":{"duration":"132ms","method":"GET","status":304,"url":"/674d3768dbb20cf2d1bcf086/training"},"timestamp":"2024-12-02T05:10:38.716Z"}
{"level":"info","message":{"duration":"19854ms","method":"POST","status":200,"url":"/website/674d3768dbb20cf2d1bcf086"},"timestamp":"2024-12-02T05:11:18.532Z"}
{"level":"info","message":{"duration":"137ms","method":"GET","status":304,"url":"/me"},"timestamp":"2024-12-02T05:11:50.212Z"}
{"level":"info","message":{"duration":"132ms","method":"GET","status":304,"url":"/me"},"timestamp":"2024-12-02T05:11:50.362Z"}
{"level":"info","message":{"duration":"4996ms","method":"POST","status":200,"url":"/674d3768dbb20cf2d1bcf086"},"timestamp":"2024-12-02T05:12:10.947Z"}
{"level":"info","message":{"duration":"4604ms","method":"POST","status":200,"url":"/674d3768dbb20cf2d1bcf086"},"timestamp":"2024-12-02T05:12:40.227Z"}
{"level":"info","message":{"duration":"132ms","method":"GET","status":304,"url":"/674d3768dbb20cf2d1bcf086"},"timestamp":"2024-12-02T05:13:32.454Z"}
{"level":"info","message":{"duration":"130ms","method":"GET","status":304,"url":"/674d3768dbb20cf2d1bcf086"},"timestamp":"2024-12-02T05:13:32.588Z"}
{"level":"info","message":{"duration":"301ms","method":"GET","status":304,"url":"/me"},"timestamp":"2024-12-02T05:22:13.409Z"}
{"level":"info","message":{"duration":"152ms","method":"GET","status":304,"url":"/me"},"timestamp":"2024-12-02T05:22:13.575Z"}
{"level":"info","message":{"duration":"147ms","method":"GET","status":304,"url":"/674d3768dbb20cf2d1bcf086/training"},"timestamp":"2024-12-02T05:22:14.024Z"}
{"level":"info","message":{"duration":"132ms","method":"GET","status":304,"url":"/674d3768dbb20cf2d1bcf086/training"},"timestamp":"2024-12-02T05:22:14.161Z"}
{"level":"info","message":{"duration":"17708ms","method":"POST","status":200,"url":"/website/674d3768dbb20cf2d1bcf086"},"timestamp":"2024-12-02T05:24:18.615Z"}
{"level":"info","message":{"duration":"149ms","method":"GET","status":304,"url":"/me"},"timestamp":"2024-12-02T05:24:50.787Z"}
{"level":"info","message":{"duration":"150ms","method":"GET","status":304,"url":"/me"},"timestamp":"2024-12-02T05:24:50.967Z"}
{"level":"info","message":{"duration":"149ms","method":"GET","status":200,"url":"/674d3768dbb20cf2d1bcf086/training"},"timestamp":"2024-12-02T05:24:51.413Z"}
{"level":"info","message":{"duration":"138ms","method":"GET","status":304,"url":"/674d3768dbb20cf2d1bcf086/training"},"timestamp":"2024-12-02T05:24:51.558Z"}
{"level":"info","message":{"duration":"132ms","method":"GET","status":200,"url":"/674d3768dbb20cf2d1bcf086/training/documents"},"timestamp":"2024-12-02T05:24:56.167Z"}
{"level":"info","message":{"duration":"129ms","method":"GET","status":304,"url":"/674d3768dbb20cf2d1bcf086/training/documents"},"timestamp":"2024-12-02T05:24:56.299Z"}
{"level":"info","message":{"duration":"132ms","method":"GET","status":304,"url":"/me"},"timestamp":"2024-12-02T05:26:12.798Z"}
{"level":"info","message":{"duration":"140ms","method":"GET","status":304,"url":"/me"},"timestamp":"2024-12-02T05:26:12.942Z"}
{"level":"info","message":{"duration":"360ms","method":"GET","status":304,"url":"/me"},"timestamp":"2024-12-02T05:27:39.223Z"}
{"level":"info","message":{"duration":"168ms","method":"GET","status":304,"url":"/me"},"timestamp":"2024-12-02T05:27:39.453Z"}
{"level":"info","message":{"duration":"178ms","method":"GET","status":304,"url":"/674d3768dbb20cf2d1bcf086/training/documents"},"timestamp":"2024-12-02T05:27:39.514Z"}
{"level":"info","message":{"duration":"237ms","method":"GET","status":304,"url":"/674d3768dbb20cf2d1bcf086/training/documents"},"timestamp":"2024-12-02T05:27:39.758Z"}
{"level":"info","message":{"duration":"210ms","method":"GET","status":200,"url":"/674d3768dbb20cf2d1bcf086/training"},"timestamp":"2024-12-02T05:27:56.684Z"}
{"level":"info","message":{"duration":"157ms","method":"GET","status":304,"url":"/674d3768dbb20cf2d1bcf086/training"},"timestamp":"2024-12-02T05:27:56.852Z"}
{"level":"info","message":{"duration":"156ms","method":"GET","status":304,"url":"/674d3768dbb20cf2d1bcf086/training/documents"},"timestamp":"2024-12-02T05:28:02.016Z"}
{"level":"info","message":{"duration":"146ms","method":"GET","status":304,"url":"/674d3768dbb20cf2d1bcf086/training/documents"},"timestamp":"2024-12-02T05:28:02.169Z"}
{"level":"info","message":{"duration":"197ms","method":"GET","status":304,"url":"/674d3768dbb20cf2d1bcf086/training"},"timestamp":"2024-12-02T05:28:47.531Z"}
{"level":"info","message":{"duration":"137ms","method":"GET","status":304,"url":"/674d3768dbb20cf2d1bcf086/training"},"timestamp":"2024-12-02T05:28:47.712Z"}
{"level":"info","message":{"duration":"152ms","method":"GET","status":304,"url":"/me"},"timestamp":"2024-12-02T05:28:51.731Z"}
{"level":"info","message":{"duration":"188ms","method":"GET","status":304,"url":"/me"},"timestamp":"2024-12-02T05:28:51.924Z"}
{"level":"info","message":{"duration":"177ms","method":"GET","status":304,"url":"/674d3768dbb20cf2d1bcf086/training"},"timestamp":"2024-12-02T05:28:52.527Z"}
{"level":"info","message":{"duration":"139ms","method":"GET","status":304,"url":"/674d3768dbb20cf2d1bcf086/training"},"timestamp":"2024-12-02T05:28:52.670Z"}
{"level":"info","message":{"duration":"133ms","method":"GET","status":304,"url":"/674d3768dbb20cf2d1bcf086/training/documents"},"timestamp":"2024-12-02T05:29:07.398Z"}
{"level":"info","message":{"duration":"130ms","method":"GET","status":304,"url":"/674d3768dbb20cf2d1bcf086/training/documents"},"timestamp":"2024-12-02T05:29:07.531Z"}
{"level":"info","message":{"duration":"240ms","method":"GET","status":304,"url":"/me"},"timestamp":"2024-12-02T05:33:53.263Z"}
{"level":"info","message":{"duration":"149ms","method":"GET","status":304,"url":"/me"},"timestamp":"2024-12-02T05:33:53.429Z"}
{"level":"info","message":{"duration":"176ms","method":"GET","status":304,"url":"/674d3768dbb20cf2d1bcf086/training/documents"},"timestamp":"2024-12-02T05:33:53.541Z"}
{"level":"info","message":{"duration":"148ms","method":"GET","status":304,"url":"/674d3768dbb20cf2d1bcf086/training/documents"},"timestamp":"2024-12-02T05:33:53.694Z"}
{"level":"info","message":{"duration":"158ms","method":"GET","status":304,"url":"/674d3768dbb20cf2d1bcf086/training"},"timestamp":"2024-12-02T05:34:01.774Z"}
{"level":"info","message":{"duration":"146ms","method":"GET","status":304,"url":"/674d3768dbb20cf2d1bcf086/training"},"timestamp":"2024-12-02T05:34:01.924Z"}
{"level":"info","message":{"duration":"166ms","method":"GET","status":304,"url":"/me"},"timestamp":"2024-12-02T05:34:05.201Z"}
{"level":"info","message":{"duration":"155ms","method":"GET","status":304,"url":"/me"},"timestamp":"2024-12-02T05:34:05.367Z"}
{"level":"info","message":{"duration":"141ms","method":"GET","status":304,"url":"/674d3768dbb20cf2d1bcf086/training"},"timestamp":"2024-12-02T05:34:05.740Z"}
{"level":"info","message":{"duration":"143ms","method":"GET","status":304,"url":"/674d3768dbb20cf2d1bcf086/training"},"timestamp":"2024-12-02T05:34:05.890Z"}
{"level":"info","message":{"duration":"143ms","method":"GET","status":304,"url":"/674d3768dbb20cf2d1bcf086/training/documents"},"timestamp":"2024-12-02T05:34:15.537Z"}
{"level":"info","message":{"duration":"142ms","method":"GET","status":304,"url":"/674d3768dbb20cf2d1bcf086/training/documents"},"timestamp":"2024-12-02T05:34:15.682Z"}
{"level":"info","message":{"duration":"147ms","method":"GET","status":304,"url":"/674d3768dbb20cf2d1bcf086/training"},"timestamp":"2024-12-02T05:36:14.955Z"}
{"level":"info","message":{"duration":"152ms","method":"GET","status":304,"url":"/674d3768dbb20cf2d1bcf086/training"},"timestamp":"2024-12-02T05:36:15.112Z"}
{"level":"info","message":{"duration":"138ms","method":"GET","status":304,"url":"/674d3768dbb20cf2d1bcf086/training/documents"},"timestamp":"2024-12-02T05:36:54.362Z"}
{"level":"info","message":{"duration":"143ms","method":"GET","status":304,"url":"/674d3768dbb20cf2d1bcf086/training/documents"},"timestamp":"2024-12-02T05:36:54.509Z"}
{"level":"info","message":{"duration":"498ms","method":"GET","status":304,"url":"/674d3768dbb20cf2d1bcf086/training/documents"},"timestamp":"2024-12-02T05:42:15.013Z"}
{"level":"info","message":{"duration":"213ms","method":"GET","status":304,"url":"/674d3768dbb20cf2d1bcf086/training/documents"},"timestamp":"2024-12-02T05:42:15.282Z"}
{"level":"info","message":{"duration":"266ms","method":"GET","status":304,"url":"/674d3768dbb20cf2d1bcf086/training"},"timestamp":"2024-12-02T05:42:15.366Z"}
{"level":"info","message":{"duration":"138ms","method":"GET","status":304,"url":"/674d3768dbb20cf2d1bcf086/training"},"timestamp":"2024-12-02T05:42:15.615Z"}
{"level":"info","message":{"duration":"184ms","method":"GET","status":304,"url":"/me"},"timestamp":"2024-12-02T05:48:08.944Z"}
{"level":"info","message":{"duration":"177ms","method":"GET","status":304,"url":"/me"},"timestamp":"2024-12-02T05:48:09.136Z"}
{"level":"info","message":{"duration":"146ms","method":"GET","status":304,"url":"/674d3768dbb20cf2d1bcf086/training/documents"},"timestamp":"2024-12-02T05:48:09.390Z"}
{"level":"info","message":{"duration":"141ms","method":"GET","status":304,"url":"/674d3768dbb20cf2d1bcf086/training/documents"},"timestamp":"2024-12-02T05:48:09.546Z"}
{"level":"info","message":{"duration":"168ms","method":"GET","status":304,"url":"/674d3768dbb20cf2d1bcf086/training"},"timestamp":"2024-12-02T05:48:09.591Z"}
{"level":"info","message":{"duration":"163ms","method":"GET","status":304,"url":"/674d3768dbb20cf2d1bcf086/training"},"timestamp":"2024-12-02T05:48:09.764Z"}
{"level":"info","message":{"duration":"141ms","method":"GET","status":304,"url":"/me"},"timestamp":"2024-12-02T05:48:37.756Z"}
{"level":"info","message":{"duration":"154ms","method":"GET","status":304,"url":"/me"},"timestamp":"2024-12-02T05:48:37.913Z"}
{"level":"info","message":{"duration":"174ms","method":"GET","status":304,"url":"/674d3768dbb20cf2d1bcf086/training/documents"},"timestamp":"2024-12-02T05:52:35.443Z"}
{"level":"info","message":{"duration":"145ms","method":"GET","status":304,"url":"/674d3768dbb20cf2d1bcf086/training/documents"},"timestamp":"2024-12-02T05:52:35.604Z"}
{"level":"info","message":{"duration":"150ms","method":"GET","status":304,"url":"/674d3768dbb20cf2d1bcf086/training"},"timestamp":"2024-12-02T05:52:35.631Z"}
{"level":"info","message":{"duration":"167ms","method":"GET","status":304,"url":"/674d3768dbb20cf2d1bcf086/training"},"timestamp":"2024-12-02T05:52:35.809Z"}
{"level":"info","message":{"duration":"143ms","method":"GET","status":304,"url":"/674d3768dbb20cf2d1bcf086/training"},"timestamp":"2024-12-02T05:52:45.713Z"}
{"level":"info","message":{"duration":"148ms","method":"GET","status":304,"url":"/674d3768dbb20cf2d1bcf086/training"},"timestamp":"2024-12-02T05:52:45.865Z"}
{"level":"info","message":{"duration":"184ms","method":"GET","status":304,"url":"/me"},"timestamp":"2024-12-02T05:53:13.789Z"}
{"level":"info","message":{"duration":"739ms","method":"GET","status":304,"url":"/me"},"timestamp":"2024-12-02T05:53:14.535Z"}
{"level":"info","message":{"duration":"7084ms","method":"POST","status":200,"url":"/674d3768dbb20cf2d1bcf086"},"timestamp":"2024-12-02T05:53:36.943Z"}
{"level":"info","message":{"duration":"3992ms","method":"POST","status":200,"url":"/674d3768dbb20cf2d1bcf086"},"timestamp":"2024-12-02T05:55:49.112Z"}
{"level":"info","message":{"duration":"336ms","method":"GET","status":200,"url":"/674d3768dbb20cf2d1bcf086"},"timestamp":"2024-12-02T06:14:48.665Z"}
{"level":"info","message":{"duration":"139ms","method":"GET","status":304,"url":"/674d3768dbb20cf2d1bcf086"},"timestamp":"2024-12-02T06:14:48.830Z"}
{"level":"info","message":{"duration":"180ms","method":"GET","status":304,"url":"/674d3768dbb20cf2d1bcf086"},"timestamp":"2024-12-02T06:32:35.657Z"}
{"level":"info","message":{"duration":"170ms","method":"GET","status":304,"url":"/674d3768dbb20cf2d1bcf086"},"timestamp":"2024-12-02T06:32:35.835Z"}
{"level":"info","message":{"duration":"306ms","method":"GET","status":200,"url":"/674d3768dbb20cf2d1bcf086/history"},"timestamp":"2024-12-02T06:32:35.990Z"}
{"level":"info","message":{"duration":"244ms","method":"GET","status":304,"url":"/674d3768dbb20cf2d1bcf086/history"},"timestamp":"2024-12-02T06:32:36.238Z"}
{"level":"info","message":{"duration":"6036ms","method":"POST","status":200,"url":"/674d3768dbb20cf2d1bcf086"},"timestamp":"2024-12-02T07:09:00.914Z"}
{"level":"info","message":{"duration":"3444ms","method":"POST","status":200,"url":"/674d3768dbb20cf2d1bcf086"},"timestamp":"2024-12-02T07:09:44.122Z"}
{"level":"info","message":{"duration":"224ms","method":"GET","status":200,"url":"/"},"timestamp":"2024-12-02T07:43:42.289Z"}
{"level":"info","message":{"duration":"150ms","method":"GET","status":304,"url":"/"},"timestamp":"2024-12-02T07:43:42.445Z"}
{"level":"info","message":{"duration":"153ms","method":"GET","status":304,"url":"/"},"timestamp":"2024-12-02T07:55:39.804Z"}
{"level":"info","message":{"duration":"149ms","method":"GET","status":304,"url":"/"},"timestamp":"2024-12-02T07:55:39.956Z"}
{"level":"info","message":{"duration":"145ms","method":"GET","status":304,"url":"/"},"timestamp":"2024-12-02T07:57:28.553Z"}
{"level":"info","message":{"duration":"144ms","method":"GET","status":304,"url":"/"},"timestamp":"2024-12-02T07:57:28.701Z"}
{"level":"info","message":{"duration":"795ms","method":"GET","status":200,"url":"/674d3768dbb20cf2d1bcf086"},"timestamp":"2024-12-02T12:36:41.705Z"}
{"level":"info","message":{"duration":"134ms","method":"GET","status":304,"url":"/674d3768dbb20cf2d1bcf086"},"timestamp":"2024-12-02T12:36:41.874Z"}
{"level":"info","message":{"duration":"152ms","method":"GET","status":304,"url":"/674d3768dbb20cf2d1bcf086/training"},"timestamp":"2024-12-02T12:36:45.102Z"}
{"level":"info","message":{"duration":"138ms","method":"GET","status":304,"url":"/674d3768dbb20cf2d1bcf086/training"},"timestamp":"2024-12-02T12:36:45.243Z"}
{"level":"info","message":{"duration":"132ms","method":"GET","status":304,"url":"/674d3768dbb20cf2d1bcf086"},"timestamp":"2024-12-02T12:36:47.347Z"}
{"level":"info","message":{"duration":"132ms","method":"GET","status":304,"url":"/674d3768dbb20cf2d1bcf086"},"timestamp":"2024-12-02T12:36:47.482Z"}
{"level":"info","message":{"duration":"266ms","method":"GET","status":304,"url":"/me"},"timestamp":"2024-12-02T13:23:35.546Z"}
{"level":"info","message":{"duration":"141ms","method":"GET","status":304,"url":"/me"},"timestamp":"2024-12-02T13:23:35.703Z"}
{"level":"info","message":{"duration":"6543ms","method":"POST","status":200,"url":"/674d3768dbb20cf2d1bcf086"},"timestamp":"2024-12-02T13:23:45.256Z"}
{"level":"info","message":{"duration":"4164ms","method":"POST","status":200,"url":"/674d3768dbb20cf2d1bcf086"},"timestamp":"2024-12-02T13:24:07.854Z"}
{"level":"info","message":{"duration":"242ms","method":"GET","status":200,"url":"/674d3768dbb20cf2d1bcf086"},"timestamp":"2024-12-02T13:27:02.816Z"}
{"level":"info","message":{"duration":"164ms","method":"GET","status":304,"url":"/674d3768dbb20cf2d1bcf086"},"timestamp":"2024-12-02T13:27:02.994Z"}
{"level":"info","message":{"duration":"161ms","method":"GET","status":200,"url":"/"},"timestamp":"2024-12-02T13:27:05.898Z"}
{"level":"info","message":{"duration":"169ms","method":"GET","status":304,"url":"/"},"timestamp":"2024-12-02T13:27:06.071Z"}
{"level":"info","message":{"duration":"158ms","method":"DELETE","status":200,"url":"/674d3768dbb20cf2d1bcf086"},"timestamp":"2024-12-02T13:27:11.466Z"}
{"level":"info","message":{"duration":"203ms","method":"POST","status":201,"url":"/"},"timestamp":"2024-12-02T13:27:37.783Z"}
{"level":"info","message":{"duration":"159ms","method":"GET","status":200,"url":"/"},"timestamp":"2024-12-02T13:27:37.954Z"}
{"level":"info","message":{"duration":"160ms","method":"GET","status":200,"url":"/674db5c9e9a151d7187645e6"},"timestamp":"2024-12-02T13:27:43.213Z"}
{"level":"info","message":{"duration":"163ms","method":"GET","status":304,"url":"/674db5c9e9a151d7187645e6"},"timestamp":"2024-12-02T13:27:43.381Z"}
{"level":"info","message":{"duration":"152ms","method":"GET","status":200,"url":"/674db5c9e9a151d7187645e6/training"},"timestamp":"2024-12-02T13:31:33.932Z"}
{"level":"info","message":{"duration":"146ms","method":"GET","status":304,"url":"/674db5c9e9a151d7187645e6/training"},"timestamp":"2024-12-02T13:31:34.083Z"}
{"level":"info","message":{"duration":"22995ms","method":"POST","status":200,"url":"/website/674db5c9e9a151d7187645e6"},"timestamp":"2024-12-02T14:01:38.392Z"}
